2023-04-08T08:18:20+00:00 CRITICAL Uncaught Error: Call to undefined function bs_after_primary() in C:\xampp\htdocs\Chilling Point\wp-content\themes\Chilling_point\woocommerce.php:23
Stack trace:
#0 C:\xampp\htdocs\Chilling Point\wp-includes\template-loader.php(106): include()
#1 C:\xampp\htdocs\Chilling Point\wp-blog-header.php(19): require_once('C:\\xampp\\htdocs...')
#2 C:\xampp\htdocs\Chilling Point\index.php(17): require('C:\\xampp\\htdocs...')
#3 {main}
  thrown in C:\xampp\htdocs\Chilling Point\wp-content\themes\Chilling_point\woocommerce.php on line 23

2023-04-08T08:18:51+00:00 CRITICAL Uncaught Error: Call to undefined function bs_after_primary() in C:\xampp\htdocs\Chilling Point\wp-content\themes\Chilling_point\woocommerce.php:23
Stack trace:
#0 C:\xampp\htdocs\Chilling Point\wp-includes\template-loader.php(106): include()
#1 C:\xampp\htdocs\Chilling Point\wp-blog-header.php(19): require_once('C:\\xampp\\htdocs...')
#2 C:\xampp\htdocs\Chilling Point\index.php(17): require('C:\\xampp\\htdocs...')
#3 {main}
  thrown in C:\xampp\htdocs\Chilling Point\wp-content\themes\Chilling_point\woocommerce.php on line 23

2023-04-08T08:19:48+00:00 CRITICAL Uncaught Error: Call to undefined function bs_after_primary() in C:\xampp\htdocs\Chilling Point\wp-content\themes\Chilling_point\woocommerce.php:23
Stack trace:
#0 C:\xampp\htdocs\Chilling Point\wp-includes\template-loader.php(106): include()
#1 C:\xampp\htdocs\Chilling Point\wp-blog-header.php(19): require_once('C:\\xampp\\htdocs...')
#2 C:\xampp\htdocs\Chilling Point\index.php(17): require('C:\\xampp\\htdocs...')
#3 {main}
  thrown in C:\xampp\htdocs\Chilling Point\wp-content\themes\Chilling_point\woocommerce.php on line 23

2023-04-08T08:20:25+00:00 CRITICAL Uncaught Error: Call to undefined function bs_after_primary() in C:\xampp\htdocs\Chilling Point\wp-content\themes\Chilling_point\woocommerce.php:23
Stack trace:
#0 C:\xampp\htdocs\Chilling Point\wp-includes\template-loader.php(106): include()
#1 C:\xampp\htdocs\Chilling Point\wp-blog-header.php(19): require_once('C:\\xampp\\htdocs...')
#2 C:\xampp\htdocs\Chilling Point\index.php(17): require('C:\\xampp\\htdocs...')
#3 {main}
  thrown in C:\xampp\htdocs\Chilling Point\wp-content\themes\Chilling_point\woocommerce.php on line 23

2023-04-08T12:07:56+00:00 CRITICAL Uncaught Error: Call to undefined function bootscore_pagination() in C:\xampp\htdocs\Chilling Point\wp-content\themes\Chilling_point\woocommerce\loop\pagination.php:34
Stack trace:
#0 C:\xampp\htdocs\Chilling Point\wp-content\plugins\woocommerce\includes\wc-core-functions.php(345): include()
#1 C:\xampp\htdocs\Chilling Point\wp-content\plugins\woocommerce\includes\wc-template-functions.php(1542): wc_get_template('loop/pagination...', Array)
#2 C:\xampp\htdocs\Chilling Point\wp-includes\class-wp-hook.php(308): woocommerce_pagination('')
#3 C:\xampp\htdocs\Chilling Point\wp-includes\class-wp-hook.php(332): WP_Hook->apply_filters('', Array)
#4 C:\xampp\htdocs\Chilling Point\wp-includes\plugin.php(517): WP_Hook->do_action(Array)
#5 C:\xampp\htdocs\Chilling Point\wp-content\plugins\woocommerce\includes\wc-template-functions.php(1006): do_action('woocommerce_aft...')
#6 C:\xampp\htdocs\Chilling Point\wp-content\themes\Chilling_point\woocommerce.php(4): woocommerce_content()
#7 C:\xampp\htdocs\Chilling Point\wp-includes\template-loader.php(106): include('C:\\xampp\\htdocs...')
#8 C:\xampp\htdocs\Chilling Point\wp-blog-header.php(19): require_once('C:\\xampp\\htdocs...')
#9 C:\xampp\htdocs\Chilling Point\index.php(17): require('C:\\xampp\\htdocs...')
#10 {main}
  thrown in C:\xampp\htdocs\Chilling Point\wp-content\themes\Chilling_point\woocommerce\loop\pagination.php on line 34

2023-04-08T12:08:51+00:00 CRITICAL Uncaught Error: Call to undefined function bootscore_pagination() in C:\xampp\htdocs\Chilling Point\wp-content\themes\Chilling_point\woocommerce\loop\pagination.php:34
Stack trace:
#0 C:\xampp\htdocs\Chilling Point\wp-content\plugins\woocommerce\includes\wc-core-functions.php(345): include()
#1 C:\xampp\htdocs\Chilling Point\wp-content\plugins\woocommerce\includes\wc-template-functions.php(1542): wc_get_template('loop/pagination...', Array)
#2 C:\xampp\htdocs\Chilling Point\wp-includes\class-wp-hook.php(308): woocommerce_pagination('')
#3 C:\xampp\htdocs\Chilling Point\wp-includes\class-wp-hook.php(332): WP_Hook->apply_filters('', Array)
#4 C:\xampp\htdocs\Chilling Point\wp-includes\plugin.php(517): WP_Hook->do_action(Array)
#5 C:\xampp\htdocs\Chilling Point\wp-content\plugins\woocommerce\includes\wc-template-functions.php(1006): do_action('woocommerce_aft...')
#6 C:\xampp\htdocs\Chilling Point\wp-content\themes\Chilling_point\woocommerce.php(4): woocommerce_content()
#7 C:\xampp\htdocs\Chilling Point\wp-includes\template-loader.php(106): include('C:\\xampp\\htdocs...')
#8 C:\xampp\htdocs\Chilling Point\wp-blog-header.php(19): require_once('C:\\xampp\\htdocs...')
#9 C:\xampp\htdocs\Chilling Point\index.php(17): require('C:\\xampp\\htdocs...')
#10 {main}
  thrown in C:\xampp\htdocs\Chilling Point\wp-content\themes\Chilling_point\woocommerce\loop\pagination.php on line 34

2023-04-08T12:38:30+00:00 CRITICAL Uncaught Error: Call to undefined function bootscore_pagination() in C:\xampp\htdocs\Chilling Point\wp-content\themes\Chilling_point\woocommerce\loop\pagination.php:34
Stack trace:
#0 C:\xampp\htdocs\Chilling Point\wp-content\plugins\woocommerce\includes\wc-core-functions.php(345): include()
#1 C:\xampp\htdocs\Chilling Point\wp-content\plugins\woocommerce\includes\wc-template-functions.php(1542): wc_get_template('loop/pagination...', Array)
#2 C:\xampp\htdocs\Chilling Point\wp-includes\class-wp-hook.php(308): woocommerce_pagination('')
#3 C:\xampp\htdocs\Chilling Point\wp-includes\class-wp-hook.php(332): WP_Hook->apply_filters('', Array)
#4 C:\xampp\htdocs\Chilling Point\wp-includes\plugin.php(517): WP_Hook->do_action(Array)
#5 C:\xampp\htdocs\Chilling Point\wp-content\plugins\woocommerce\includes\wc-template-functions.php(1006): do_action('woocommerce_aft...')
#6 C:\xampp\htdocs\Chilling Point\wp-content\themes\Chilling_point\woocommerce.php(4): woocommerce_content()
#7 C:\xampp\htdocs\Chilling Point\wp-includes\template-loader.php(106): include('C:\\xampp\\htdocs...')
#8 C:\xampp\htdocs\Chilling Point\wp-blog-header.php(19): require_once('C:\\xampp\\htdocs...')
#9 C:\xampp\htdocs\Chilling Point\index.php(17): require('C:\\xampp\\htdocs...')
#10 {main}
  thrown in C:\xampp\htdocs\Chilling Point\wp-content\themes\Chilling_point\woocommerce\loop\pagination.php on line 34

2023-04-08T12:38:54+00:00 CRITICAL Uncaught Error: Call to undefined function bootscore_pagination() in C:\xampp\htdocs\Chilling Point\wp-content\themes\Chilling_point\woocommerce\loop\pagination.php:34
Stack trace:
#0 C:\xampp\htdocs\Chilling Point\wp-content\plugins\woocommerce\includes\wc-core-functions.php(345): include()
#1 C:\xampp\htdocs\Chilling Point\wp-content\plugins\woocommerce\includes\wc-template-functions.php(1542): wc_get_template('loop/pagination...', Array)
#2 C:\xampp\htdocs\Chilling Point\wp-includes\class-wp-hook.php(308): woocommerce_pagination('')
#3 C:\xampp\htdocs\Chilling Point\wp-includes\class-wp-hook.php(332): WP_Hook->apply_filters('', Array)
#4 C:\xampp\htdocs\Chilling Point\wp-includes\plugin.php(517): WP_Hook->do_action(Array)
#5 C:\xampp\htdocs\Chilling Point\wp-content\plugins\woocommerce\includes\wc-template-functions.php(1006): do_action('woocommerce_aft...')
#6 C:\xampp\htdocs\Chilling Point\wp-content\themes\Chilling_point\woocommerce.php(4): woocommerce_content()
#7 C:\xampp\htdocs\Chilling Point\wp-includes\template-loader.php(106): include('C:\\xampp\\htdocs...')
#8 C:\xampp\htdocs\Chilling Point\wp-blog-header.php(19): require_once('C:\\xampp\\htdocs...')
#9 C:\xampp\htdocs\Chilling Point\index.php(17): require('C:\\xampp\\htdocs...')
#10 {main}
  thrown in C:\xampp\htdocs\Chilling Point\wp-content\themes\Chilling_point\woocommerce\loop\pagination.php on line 34

2023-04-08T12:43:17+00:00 CRITICAL Uncaught Error: Call to undefined function bootscore_pagination() in C:\xampp\htdocs\Chilling Point\wp-content\themes\Chilling_point\woocommerce\loop\pagination.php:34
Stack trace:
#0 C:\xampp\htdocs\Chilling Point\wp-content\plugins\woocommerce\includes\wc-core-functions.php(345): include()
#1 C:\xampp\htdocs\Chilling Point\wp-content\plugins\woocommerce\includes\wc-template-functions.php(1542): wc_get_template('loop/pagination...', Array)
#2 C:\xampp\htdocs\Chilling Point\wp-includes\class-wp-hook.php(308): woocommerce_pagination('')
#3 C:\xampp\htdocs\Chilling Point\wp-includes\class-wp-hook.php(332): WP_Hook->apply_filters('', Array)
#4 C:\xampp\htdocs\Chilling Point\wp-includes\plugin.php(517): WP_Hook->do_action(Array)
#5 C:\xampp\htdocs\Chilling Point\wp-content\plugins\woocommerce\includes\wc-template-functions.php(1006): do_action('woocommerce_aft...')
#6 C:\xampp\htdocs\Chilling Point\wp-content\themes\Chilling_point\woocommerce.php(4): woocommerce_content()
#7 C:\xampp\htdocs\Chilling Point\wp-includes\template-loader.php(106): include('C:\\xampp\\htdocs...')
#8 C:\xampp\htdocs\Chilling Point\wp-blog-header.php(19): require_once('C:\\xampp\\htdocs...')
#9 C:\xampp\htdocs\Chilling Point\index.php(17): require('C:\\xampp\\htdocs...')
#10 {main}
  thrown in C:\xampp\htdocs\Chilling Point\wp-content\themes\Chilling_point\woocommerce\loop\pagination.php on line 34

2023-04-08T12:45:38+00:00 CRITICAL Uncaught Error: Call to undefined function bootscore_pagination() in C:\xampp\htdocs\Chilling Point\wp-content\themes\Chilling_point\woocommerce\loop\pagination.php:34
Stack trace:
#0 C:\xampp\htdocs\Chilling Point\wp-content\plugins\woocommerce\includes\wc-core-functions.php(345): include()
#1 C:\xampp\htdocs\Chilling Point\wp-content\plugins\woocommerce\includes\wc-template-functions.php(1542): wc_get_template('loop/pagination...', Array)
#2 C:\xampp\htdocs\Chilling Point\wp-includes\class-wp-hook.php(308): woocommerce_pagination('')
#3 C:\xampp\htdocs\Chilling Point\wp-includes\class-wp-hook.php(332): WP_Hook->apply_filters('', Array)
#4 C:\xampp\htdocs\Chilling Point\wp-includes\plugin.php(517): WP_Hook->do_action(Array)
#5 C:\xampp\htdocs\Chilling Point\wp-content\plugins\woocommerce\includes\wc-template-functions.php(1006): do_action('woocommerce_aft...')
#6 C:\xampp\htdocs\Chilling Point\wp-content\themes\Chilling_point\woocommerce.php(4): woocommerce_content()
#7 C:\xampp\htdocs\Chilling Point\wp-includes\template-loader.php(106): include('C:\\xampp\\htdocs...')
#8 C:\xampp\htdocs\Chilling Point\wp-blog-header.php(19): require_once('C:\\xampp\\htdocs...')
#9 C:\xampp\htdocs\Chilling Point\index.php(17): require('C:\\xampp\\htdocs...')
#10 {main}
  thrown in C:\xampp\htdocs\Chilling Point\wp-content\themes\Chilling_point\woocommerce\loop\pagination.php on line 34

2023-04-08T12:46:26+00:00 CRITICAL Uncaught Error: Call to undefined function bootscore_pagination() in C:\xampp\htdocs\Chilling Point\wp-content\themes\Chilling_point\woocommerce\loop\pagination.php:34
Stack trace:
#0 C:\xampp\htdocs\Chilling Point\wp-content\plugins\woocommerce\includes\wc-core-functions.php(345): include()
#1 C:\xampp\htdocs\Chilling Point\wp-content\plugins\woocommerce\includes\wc-template-functions.php(1542): wc_get_template('loop/pagination...', Array)
#2 C:\xampp\htdocs\Chilling Point\wp-includes\class-wp-hook.php(308): woocommerce_pagination('')
#3 C:\xampp\htdocs\Chilling Point\wp-includes\class-wp-hook.php(332): WP_Hook->apply_filters('', Array)
#4 C:\xampp\htdocs\Chilling Point\wp-includes\plugin.php(517): WP_Hook->do_action(Array)
#5 C:\xampp\htdocs\Chilling Point\wp-content\plugins\woocommerce\includes\wc-template-functions.php(1006): do_action('woocommerce_aft...')
#6 C:\xampp\htdocs\Chilling Point\wp-content\themes\Chilling_point\woocommerce.php(4): woocommerce_content()
#7 C:\xampp\htdocs\Chilling Point\wp-includes\template-loader.php(106): include('C:\\xampp\\htdocs...')
#8 C:\xampp\htdocs\Chilling Point\wp-blog-header.php(19): require_once('C:\\xampp\\htdocs...')
#9 C:\xampp\htdocs\Chilling Point\index.php(17): require('C:\\xampp\\htdocs...')
#10 {main}
  thrown in C:\xampp\htdocs\Chilling Point\wp-content\themes\Chilling_point\woocommerce\loop\pagination.php on line 34

2023-04-08T12:46:34+00:00 CRITICAL Uncaught Error: Call to undefined function bootscore_pagination() in C:\xampp\htdocs\Chilling Point\wp-content\themes\Chilling_point\woocommerce\loop\pagination.php:34
Stack trace:
#0 C:\xampp\htdocs\Chilling Point\wp-content\plugins\woocommerce\includes\wc-core-functions.php(345): include()
#1 C:\xampp\htdocs\Chilling Point\wp-content\plugins\woocommerce\includes\wc-template-functions.php(1542): wc_get_template('loop/pagination...', Array)
#2 C:\xampp\htdocs\Chilling Point\wp-includes\class-wp-hook.php(308): woocommerce_pagination('')
#3 C:\xampp\htdocs\Chilling Point\wp-includes\class-wp-hook.php(332): WP_Hook->apply_filters('', Array)
#4 C:\xampp\htdocs\Chilling Point\wp-includes\plugin.php(517): WP_Hook->do_action(Array)
#5 C:\xampp\htdocs\Chilling Point\wp-content\plugins\woocommerce\includes\wc-template-functions.php(1006): do_action('woocommerce_aft...')
#6 C:\xampp\htdocs\Chilling Point\wp-content\themes\Chilling_point\woocommerce.php(4): woocommerce_content()
#7 C:\xampp\htdocs\Chilling Point\wp-includes\template-loader.php(106): include('C:\\xampp\\htdocs...')
#8 C:\xampp\htdocs\Chilling Point\wp-blog-header.php(19): require_once('C:\\xampp\\htdocs...')
#9 C:\xampp\htdocs\Chilling Point\index.php(17): require('C:\\xampp\\htdocs...')
#10 {main}
  thrown in C:\xampp\htdocs\Chilling Point\wp-content\themes\Chilling_point\woocommerce\loop\pagination.php on line 34

2023-04-08T12:55:36+00:00 CRITICAL Uncaught Error: Call to undefined function bootscore_pagination() in C:\xampp\htdocs\Chilling Point\wp-content\themes\Chilling_point\woocommerce\loop\pagination.php:34
Stack trace:
#0 C:\xampp\htdocs\Chilling Point\wp-content\plugins\woocommerce\includes\wc-core-functions.php(345): include()
#1 C:\xampp\htdocs\Chilling Point\wp-content\plugins\woocommerce\includes\wc-template-functions.php(1542): wc_get_template('loop/pagination...', Array)
#2 C:\xampp\htdocs\Chilling Point\wp-includes\class-wp-hook.php(308): woocommerce_pagination('')
#3 C:\xampp\htdocs\Chilling Point\wp-includes\class-wp-hook.php(332): WP_Hook->apply_filters('', Array)
#4 C:\xampp\htdocs\Chilling Point\wp-includes\plugin.php(517): WP_Hook->do_action(Array)
#5 C:\xampp\htdocs\Chilling Point\wp-content\plugins\woocommerce\includes\wc-template-functions.php(1006): do_action('woocommerce_aft...')
#6 C:\xampp\htdocs\Chilling Point\wp-content\themes\Chilling_point\woocommerce.php(4): woocommerce_content()
#7 C:\xampp\htdocs\Chilling Point\wp-includes\template-loader.php(106): include('C:\\xampp\\htdocs...')
#8 C:\xampp\htdocs\Chilling Point\wp-blog-header.php(19): require_once('C:\\xampp\\htdocs...')
#9 C:\xampp\htdocs\Chilling Point\index.php(17): require('C:\\xampp\\htdocs...')
#10 {main}
  thrown in C:\xampp\htdocs\Chilling Point\wp-content\themes\Chilling_point\woocommerce\loop\pagination.php on line 34

2023-04-08T13:00:22+00:00 CRITICAL Cannot redeclare WC() (previously declared in C:\xampp\htdocs\Chilling Point\wp-content\plugins\woocommerce\woocommerce.php:47) in C:\xampp\htdocs\Chilling Point\wp-content\themes\Chilling_point\woocommerce.php on line 46

2023-04-08T13:36:38+00:00 CRITICAL Uncaught Error: Failed opening required 'C:\xampp\htdocs\Chilling Point/wp-content/themes/bootcommerce-child-main/woocommerce/woocommerce-functions.php' (include_path='C:\xampp\php\PEAR') in C:\xampp\htdocs\Chilling Point\wp-content\themes\bootcommerce-child-main\functions.php:40
Stack trace:
#0 C:\xampp\htdocs\Chilling Point\wp-settings.php(591): include()
#1 C:\xampp\htdocs\Chilling Point\wp-config.php(96): require_once('C:\\xampp\\htdocs...')
#2 C:\xampp\htdocs\Chilling Point\wp-load.php(50): require_once('C:\\xampp\\htdocs...')
#3 C:\xampp\htdocs\Chilling Point\wp-admin\admin-ajax.php(22): require_once('C:\\xampp\\htdocs...')
#4 {main}
  thrown in C:\xampp\htdocs\Chilling Point\wp-content\themes\bootcommerce-child-main\functions.php on line 40

2023-04-08T13:38:39+00:00 CRITICAL Uncaught Error: Failed opening required 'C:\xampp\htdocs\Chilling Point/wp-content/themes/bootcommerce-child-main/woocommerce/woocommerce-functions.php' (include_path='C:\xampp\php\PEAR') in C:\xampp\htdocs\Chilling Point\wp-content\themes\bootcommerce-child-main\functions.php:42
Stack trace:
#0 C:\xampp\htdocs\Chilling Point\wp-settings.php(591): include()
#1 C:\xampp\htdocs\Chilling Point\wp-config.php(96): require_once('C:\\xampp\\htdocs...')
#2 C:\xampp\htdocs\Chilling Point\wp-load.php(50): require_once('C:\\xampp\\htdocs...')
#3 C:\xampp\htdocs\Chilling Point\wp-admin\admin-ajax.php(22): require_once('C:\\xampp\\htdocs...')
#4 {main}
  thrown in C:\xampp\htdocs\Chilling Point\wp-content\themes\bootcommerce-child-main\functions.php on line 42

2023-04-08T13:40:39+00:00 CRITICAL Uncaught Error: Failed opening required 'C:\xampp\htdocs\Chilling Point/wp-content/themes/bootcommerce-child-main/woocommerce/woocommerce-functions.php' (include_path='C:\xampp\php\PEAR') in C:\xampp\htdocs\Chilling Point\wp-content\themes\bootcommerce-child-main\functions.php:44
Stack trace:
#0 C:\xampp\htdocs\Chilling Point\wp-settings.php(591): include()
#1 C:\xampp\htdocs\Chilling Point\wp-config.php(96): require_once('C:\\xampp\\htdocs...')
#2 C:\xampp\htdocs\Chilling Point\wp-load.php(50): require_once('C:\\xampp\\htdocs...')
#3 C:\xampp\htdocs\Chilling Point\wp-admin\admin-ajax.php(22): require_once('C:\\xampp\\htdocs...')
#4 {main}
  thrown in C:\xampp\htdocs\Chilling Point\wp-content\themes\bootcommerce-child-main\functions.php on line 44

2023-04-08T13:42:40+00:00 CRITICAL Uncaught Error: Failed opening required 'C:\xampp\htdocs\Chilling Point/wp-content/themes/bootcommerce-child-main/woocommerce/woocommerce-functions.php' (include_path='C:\xampp\php\PEAR') in C:\xampp\htdocs\Chilling Point\wp-content\themes\bootcommerce-child-main\functions.php:43
Stack trace:
#0 C:\xampp\htdocs\Chilling Point\wp-settings.php(591): include()
#1 C:\xampp\htdocs\Chilling Point\wp-config.php(96): require_once('C:\\xampp\\htdocs...')
#2 C:\xampp\htdocs\Chilling Point\wp-load.php(50): require_once('C:\\xampp\\htdocs...')
#3 C:\xampp\htdocs\Chilling Point\wp-admin\admin-ajax.php(22): require_once('C:\\xampp\\htdocs...')
#4 {main}
  thrown in C:\xampp\htdocs\Chilling Point\wp-content\themes\bootcommerce-child-main\functions.php on line 43

2023-04-08T13:59:43+00:00 CRITICAL Uncaught Error: Failed opening required 'C:\xampp\htdocs\Chilling Point/wp-content/themes/bootcommerce-child-main/woocommerce/woocommerce-functions.php' (include_path='C:\xampp\php\PEAR') in C:\xampp\htdocs\Chilling Point\wp-content\themes\bootcommerce-child-main\functions.php:43
Stack trace:
#0 C:\xampp\htdocs\Chilling Point\wp-settings.php(591): include()
#1 C:\xampp\htdocs\Chilling Point\wp-config.php(96): require_once('C:\\xampp\\htdocs...')
#2 C:\xampp\htdocs\Chilling Point\wp-load.php(50): require_once('C:\\xampp\\htdocs...')
#3 C:\xampp\htdocs\Chilling Point\wp-blog-header.php(13): require_once('C:\\xampp\\htdocs...')
#4 C:\xampp\htdocs\Chilling Point\index.php(17): require('C:\\xampp\\htdocs...')
#5 {main}
  thrown in C:\xampp\htdocs\Chilling Point\wp-content\themes\bootcommerce-child-main\functions.php on line 43

2023-04-08T14:00:01+00:00 CRITICAL Uncaught Error: Failed opening required 'C:\xampp\htdocs\Chilling Point/wp-content/themes/bootcommerce-child-main/woocommerce/woocommerce-functions.php' (include_path='C:\xampp\php\PEAR') in C:\xampp\htdocs\Chilling Point\wp-content\themes\bootcommerce-child-main\functions.php:43
Stack trace:
#0 C:\xampp\htdocs\Chilling Point\wp-settings.php(591): include()
#1 C:\xampp\htdocs\Chilling Point\wp-config.php(96): require_once('C:\\xampp\\htdocs...')
#2 C:\xampp\htdocs\Chilling Point\wp-load.php(50): require_once('C:\\xampp\\htdocs...')
#3 C:\xampp\htdocs\Chilling Point\wp-blog-header.php(13): require_once('C:\\xampp\\htdocs...')
#4 C:\xampp\htdocs\Chilling Point\index.php(17): require('C:\\xampp\\htdocs...')
#5 {main}
  thrown in C:\xampp\htdocs\Chilling Point\wp-content\themes\bootcommerce-child-main\functions.php on line 43

2023-04-08T14:00:44+00:00 CRITICAL Uncaught Error: Failed opening required 'C:\xampp\htdocs\Chilling Point/wp-content/themes/bootcommerce-child-main/woocommerce/woocommerce-functions.php' (include_path='C:\xampp\php\PEAR') in C:\xampp\htdocs\Chilling Point\wp-content\themes\bootcommerce-child-main\functions.php:43
Stack trace:
#0 C:\xampp\htdocs\Chilling Point\wp-settings.php(591): include()
#1 C:\xampp\htdocs\Chilling Point\wp-config.php(96): require_once('C:\\xampp\\htdocs...')
#2 C:\xampp\htdocs\Chilling Point\wp-load.php(50): require_once('C:\\xampp\\htdocs...')
#3 C:\xampp\htdocs\Chilling Point\wp-blog-header.php(13): require_once('C:\\xampp\\htdocs...')
#4 C:\xampp\htdocs\Chilling Point\index.php(17): require('C:\\xampp\\htdocs...')
#5 {main}
  thrown in C:\xampp\htdocs\Chilling Point\wp-content\themes\bootcommerce-child-main\functions.php on line 43

2023-04-08T14:02:00+00:00 CRITICAL Uncaught Error: Failed opening required 'ajax-cart/ajax-add-to-cart.php' (include_path='C:\xampp\php\PEAR') in C:\xampp\htdocs\Chilling Point\wp-content\themes\bootcommerce-child-main\woocommerce\woocommerce-functions.php:33
Stack trace:
#0 C:\xampp\htdocs\Chilling Point\wp-includes\class-wp-hook.php(308): register_ajax_cart('')
#1 C:\xampp\htdocs\Chilling Point\wp-includes\class-wp-hook.php(332): WP_Hook->apply_filters(NULL, Array)
#2 C:\xampp\htdocs\Chilling Point\wp-includes\plugin.php(517): WP_Hook->do_action(Array)
#3 C:\xampp\htdocs\Chilling Point\wp-settings.php(601): do_action('after_setup_the...')
#4 C:\xampp\htdocs\Chilling Point\wp-config.php(96): require_once('C:\\xampp\\htdocs...')
#5 C:\xampp\htdocs\Chilling Point\wp-load.php(50): require_once('C:\\xampp\\htdocs...')
#6 C:\xampp\htdocs\Chilling Point\wp-blog-header.php(13): require_once('C:\\xampp\\htdocs...')
#7 C:\xampp\htdocs\Chilling Point\index.php(17): require('C:\\xampp\\htdocs...')
#8 {main}
  thrown in C:\xampp\htdocs\Chilling Point\wp-content\themes\bootcommerce-child-main\woocommerce\woocommerce-functions.php on line 33

