2023-04-09T05:45:36+00:00 CRITICAL Uncaught Error: Failed opening required 'C:\xampp\htdocs\Chilling Point/wp-content/themes/Chilling_point/woocommerce/woocommerce-functions.php' (include_path='C:\xampp\php\PEAR') in C:\xampp\htdocs\Chilling Point\wp-content\themes\Chilling_point\functions.php:55
Stack trace:
#0 C:\xampp\htdocs\Chilling Point\wp-settings.php(591): include()
#1 C:\xampp\htdocs\Chilling Point\wp-config.php(96): require_once('C:\\xampp\\htdocs...')
#2 C:\xampp\htdocs\Chilling Point\wp-load.php(50): require_once('C:\\xampp\\htdocs...')
#3 C:\xampp\htdocs\Chilling Point\wp-admin\admin.php(34): require_once('C:\\xampp\\htdocs...')
#4 C:\xampp\htdocs\Chilling Point\wp-admin\themes.php(10): require_once('C:\\xampp\\htdocs...')
#5 {main}
  thrown in C:\xampp\htdocs\Chilling Point\wp-content\themes\Chilling_point\functions.php on line 55

2023-04-09T05:46:06+00:00 CRITICAL Uncaught Error: Failed opening required 'C:\xampp\htdocs\Chilling Point/wp-content/themes/Chilling_point/woocommerce/woocommerce-functions.php' (include_path='C:\xampp\php\PEAR') in C:\xampp\htdocs\Chilling Point\wp-content\themes\Chilling_point\functions.php:55
Stack trace:
#0 C:\xampp\htdocs\Chilling Point\wp-settings.php(591): include()
#1 C:\xampp\htdocs\Chilling Point\wp-config.php(96): require_once('C:\\xampp\\htdocs...')
#2 C:\xampp\htdocs\Chilling Point\wp-load.php(50): require_once('C:\\xampp\\htdocs...')
#3 C:\xampp\htdocs\Chilling Point\wp-admin\admin.php(34): require_once('C:\\xampp\\htdocs...')
#4 C:\xampp\htdocs\Chilling Point\wp-admin\themes.php(10): require_once('C:\\xampp\\htdocs...')
#5 {main}
  thrown in C:\xampp\htdocs\Chilling Point\wp-content\themes\Chilling_point\functions.php on line 55

2023-04-09T05:46:41+00:00 CRITICAL Uncaught Error: Failed opening required 'ajax-cart/ajax-add-to-cart.php' (include_path='C:\xampp\php\PEAR') in C:\xampp\htdocs\Chilling Point\wp-content\themes\Chilling_point\woocommerce\woocommerce-functions.php:33
Stack trace:
#0 C:\xampp\htdocs\Chilling Point\wp-includes\class-wp-hook.php(308): register_ajax_cart('')
#1 C:\xampp\htdocs\Chilling Point\wp-includes\class-wp-hook.php(332): WP_Hook->apply_filters(NULL, Array)
#2 C:\xampp\htdocs\Chilling Point\wp-includes\plugin.php(517): WP_Hook->do_action(Array)
#3 C:\xampp\htdocs\Chilling Point\wp-settings.php(601): do_action('after_setup_the...')
#4 C:\xampp\htdocs\Chilling Point\wp-config.php(96): require_once('C:\\xampp\\htdocs...')
#5 C:\xampp\htdocs\Chilling Point\wp-load.php(50): require_once('C:\\xampp\\htdocs...')
#6 C:\xampp\htdocs\Chilling Point\wp-admin\admin.php(34): require_once('C:\\xampp\\htdocs...')
#7 C:\xampp\htdocs\Chilling Point\wp-admin\themes.php(10): require_once('C:\\xampp\\htdocs...')
#8 {main}
  thrown in C:\xampp\htdocs\Chilling Point\wp-content\themes\Chilling_point\woocommerce\woocommerce-functions.php on line 33

2023-04-09T05:47:22+00:00 CRITICAL Uncaught Error: Failed opening required 'ajax-cart/ajax-add-to-cart.php' (include_path='C:\xampp\php\PEAR') in C:\xampp\htdocs\Chilling Point\wp-content\themes\Chilling_point\woocommerce\woocommerce-functions.php:33
Stack trace:
#0 C:\xampp\htdocs\Chilling Point\wp-includes\class-wp-hook.php(308): register_ajax_cart('')
#1 C:\xampp\htdocs\Chilling Point\wp-includes\class-wp-hook.php(332): WP_Hook->apply_filters(NULL, Array)
#2 C:\xampp\htdocs\Chilling Point\wp-includes\plugin.php(517): WP_Hook->do_action(Array)
#3 C:\xampp\htdocs\Chilling Point\wp-settings.php(601): do_action('after_setup_the...')
#4 C:\xampp\htdocs\Chilling Point\wp-config.php(96): require_once('C:\\xampp\\htdocs...')
#5 C:\xampp\htdocs\Chilling Point\wp-load.php(50): require_once('C:\\xampp\\htdocs...')
#6 C:\xampp\htdocs\Chilling Point\wp-admin\admin.php(34): require_once('C:\\xampp\\htdocs...')
#7 C:\xampp\htdocs\Chilling Point\wp-admin\themes.php(10): require_once('C:\\xampp\\htdocs...')
#8 {main}
  thrown in C:\xampp\htdocs\Chilling Point\wp-content\themes\Chilling_point\woocommerce\woocommerce-functions.php on line 33

2023-04-09T08:40:23+00:00 CRITICAL Uncaught ValueError: Unknown format specifier "P" in C:\xampp\htdocs\Chilling Point\wp-content\themes\hotelmaster\include\plugin\class-tgm-plugin-activation.php:2340
Stack trace:
#0 C:\xampp\htdocs\Chilling Point\wp-content\themes\hotelmaster\include\plugin\class-tgm-plugin-activation.php(2340): printf('<h4>Installing ...', 'Contact Form 7', 1, 9)
#1 C:\xampp\htdocs\Chilling Point\wp-content\themes\hotelmaster\include\plugin\class-tgm-plugin-activation.php(2083): TGM_Bulk_Installer_Skin->before()
#2 C:\xampp\htdocs\Chilling Point\wp-content\themes\hotelmaster\include\plugin\class-tgm-plugin-activation.php(2016): TGM_Bulk_Installer->run(Array)
#3 C:\xampp\htdocs\Chilling Point\wp-content\themes\hotelmaster\include\plugin\class-tgm-plugin-activation.php(1793): TGM_Bulk_Installer->bulk_install(Array)
#4 C:\xampp\htdocs\Chilling Point\wp-content\themes\hotelmaster\include\plugin\class-tgm-plugin-activation.php(432): TGMPA_List_Table->process_bulk_actions()
#5 C:\xampp\htdocs\Chilling Point\wp-includes\class-wp-hook.php(308): TGM_Plugin_Activation->install_plugins_page('')
#6 C:\xampp\htdocs\Chilling Point\wp-includes\class-wp-hook.php(332): WP_Hook->apply_filters('', Array)
#7 C:\xampp\htdocs\Chilling Point\wp-includes\plugin.php(517): WP_Hook->do_action(Array)
#8 C:\xampp\htdocs\Chilling Point\wp-admin\admin.php(259): do_action('appearance_page...')
#9 C:\xampp\htdocs\Chilling Point\wp-admin\themes.php(10): require_once('C:\\xampp\\htdocs...')
#10 {main}
  thrown in C:\xampp\htdocs\Chilling Point\wp-content\themes\hotelmaster\include\plugin\class-tgm-plugin-activation.php on line 2340

2023-04-09T08:40:31+00:00 CRITICAL Uncaught ValueError: Unknown format specifier "P" in C:\xampp\htdocs\Chilling Point\wp-content\themes\hotelmaster\include\plugin\class-tgm-plugin-activation.php:2340
Stack trace:
#0 C:\xampp\htdocs\Chilling Point\wp-content\themes\hotelmaster\include\plugin\class-tgm-plugin-activation.php(2340): printf('<h4>Installing ...', 'Contact Form 7', 1, 9)
#1 C:\xampp\htdocs\Chilling Point\wp-content\themes\hotelmaster\include\plugin\class-tgm-plugin-activation.php(2083): TGM_Bulk_Installer_Skin->before()
#2 C:\xampp\htdocs\Chilling Point\wp-content\themes\hotelmaster\include\plugin\class-tgm-plugin-activation.php(2016): TGM_Bulk_Installer->run(Array)
#3 C:\xampp\htdocs\Chilling Point\wp-content\themes\hotelmaster\include\plugin\class-tgm-plugin-activation.php(1793): TGM_Bulk_Installer->bulk_install(Array)
#4 C:\xampp\htdocs\Chilling Point\wp-content\themes\hotelmaster\include\plugin\class-tgm-plugin-activation.php(432): TGMPA_List_Table->process_bulk_actions()
#5 C:\xampp\htdocs\Chilling Point\wp-includes\class-wp-hook.php(308): TGM_Plugin_Activation->install_plugins_page('')
#6 C:\xampp\htdocs\Chilling Point\wp-includes\class-wp-hook.php(332): WP_Hook->apply_filters('', Array)
#7 C:\xampp\htdocs\Chilling Point\wp-includes\plugin.php(517): WP_Hook->do_action(Array)
#8 C:\xampp\htdocs\Chilling Point\wp-admin\admin.php(259): do_action('appearance_page...')
#9 C:\xampp\htdocs\Chilling Point\wp-admin\themes.php(10): require_once('C:\\xampp\\htdocs...')
#10 {main}
  thrown in C:\xampp\htdocs\Chilling Point\wp-content\themes\hotelmaster\include\plugin\class-tgm-plugin-activation.php on line 2340

2023-04-09T08:41:46+00:00 CRITICAL Uncaught TypeError: call_user_func_array(): Argument #1 ($callback) must be a valid callback, function "gdlr_hostel_event_init" not found or invalid function name in C:\xampp\htdocs\Chilling Point\wp-includes\class-wp-hook.php:308
Stack trace:
#0 C:\xampp\htdocs\Chilling Point\wp-includes\class-wp-hook.php(332): WP_Hook->apply_filters(NULL, Array)
#1 C:\xampp\htdocs\Chilling Point\wp-includes\plugin.php(517): WP_Hook->do_action(Array)
#2 C:\xampp\htdocs\Chilling Point\wp-admin\includes\plugin.php(691): do_action('activate_gdlr-h...', false)
#3 C:\xampp\htdocs\Chilling Point\wp-content\themes\hotelmaster\include\plugin\class-tgm-plugin-activation.php(619): activate_plugin('gdlr-hostel/gdl...')
#4 C:\xampp\htdocs\Chilling Point\wp-content\themes\hotelmaster\include\plugin\class-tgm-plugin-activation.php(432): TGM_Plugin_Activation->do_plugin_install()
#5 C:\xampp\htdocs\Chilling Point\wp-includes\class-wp-hook.php(308): TGM_Plugin_Activation->install_plugins_page('')
#6 C:\xampp\htdocs\Chilling Point\wp-includes\class-wp-hook.php(332): WP_Hook->apply_filters('', Array)
#7 C:\xampp\htdocs\Chilling Point\wp-includes\plugin.php(517): WP_Hook->do_action(Array)
#8 C:\xampp\htdocs\Chilling Point\wp-admin\admin.php(259): do_action('appearance_page...')
#9 C:\xampp\htdocs\Chilling Point\wp-admin\themes.php(10): require_once('C:\\xampp\\htdocs...')
#10 {main}
  thrown in C:\xampp\htdocs\Chilling Point\wp-includes\class-wp-hook.php on line 308

2023-04-09T08:43:12+00:00 CRITICAL Uncaught TypeError: call_user_func_array(): Argument #1 ($callback) must be a valid callback, function "gdlr_hostel_event_init" not found or invalid function name in C:\xampp\htdocs\Chilling Point\wp-includes\class-wp-hook.php:308
Stack trace:
#0 C:\xampp\htdocs\Chilling Point\wp-includes\class-wp-hook.php(332): WP_Hook->apply_filters(NULL, Array)
#1 C:\xampp\htdocs\Chilling Point\wp-includes\plugin.php(517): WP_Hook->do_action(Array)
#2 C:\xampp\htdocs\Chilling Point\wp-admin\includes\plugin.php(691): do_action('activate_gdlr-h...', false)
#3 C:\xampp\htdocs\Chilling Point\wp-admin\includes\plugin.php(867): activate_plugin('gdlr-hostel/gdl...', '', false, false)
#4 C:\xampp\htdocs\Chilling Point\wp-content\themes\hotelmaster\include\plugin\class-tgm-plugin-activation.php(1839): activate_plugins(Array)
#5 C:\xampp\htdocs\Chilling Point\wp-content\themes\hotelmaster\include\plugin\class-tgm-plugin-activation.php(1880): TGMPA_List_Table->process_bulk_actions()
#6 C:\xampp\htdocs\Chilling Point\wp-content\themes\hotelmaster\include\plugin\class-tgm-plugin-activation.php(439): TGMPA_List_Table->prepare_items()
#7 C:\xampp\htdocs\Chilling Point\wp-includes\class-wp-hook.php(308): TGM_Plugin_Activation->install_plugins_page('')
#8 C:\xampp\htdocs\Chilling Point\wp-includes\class-wp-hook.php(332): WP_Hook->apply_filters('', Array)
#9 C:\xampp\htdocs\Chilling Point\wp-includes\plugin.php(517): WP_Hook->do_action(Array)
#10 C:\xampp\htdocs\Chilling Point\wp-admin\admin.php(259): do_action('appearance_page...')
#11 C:\xampp\htdocs\Chilling Point\wp-admin\themes.php(10): require_once('C:\\xampp\\htdocs...')
#12 {main}
  thrown in C:\xampp\htdocs\Chilling Point\wp-includes\class-wp-hook.php on line 308

2023-04-09T08:44:38+00:00 CRITICAL Uncaught TypeError: call_user_func_array(): Argument #1 ($callback) must be a valid callback, function "gdlr_hostel_event_init" not found or invalid function name in C:\xampp\htdocs\Chilling Point\wp-includes\class-wp-hook.php:308
Stack trace:
#0 C:\xampp\htdocs\Chilling Point\wp-includes\class-wp-hook.php(332): WP_Hook->apply_filters(NULL, Array)
#1 C:\xampp\htdocs\Chilling Point\wp-includes\plugin.php(517): WP_Hook->do_action(Array)
#2 C:\xampp\htdocs\Chilling Point\wp-admin\includes\plugin.php(691): do_action('activate_gdlr-h...', false)
#3 C:\xampp\htdocs\Chilling Point\wp-content\themes\hotelmaster\include\plugin\class-tgm-plugin-activation.php(619): activate_plugin('gdlr-hostel/gdl...')
#4 C:\xampp\htdocs\Chilling Point\wp-content\themes\hotelmaster\include\plugin\class-tgm-plugin-activation.php(432): TGM_Plugin_Activation->do_plugin_install()
#5 C:\xampp\htdocs\Chilling Point\wp-includes\class-wp-hook.php(308): TGM_Plugin_Activation->install_plugins_page('')
#6 C:\xampp\htdocs\Chilling Point\wp-includes\class-wp-hook.php(332): WP_Hook->apply_filters('', Array)
#7 C:\xampp\htdocs\Chilling Point\wp-includes\plugin.php(517): WP_Hook->do_action(Array)
#8 C:\xampp\htdocs\Chilling Point\wp-admin\admin.php(259): do_action('appearance_page...')
#9 C:\xampp\htdocs\Chilling Point\wp-admin\themes.php(10): require_once('C:\\xampp\\htdocs...')
#10 {main}
  thrown in C:\xampp\htdocs\Chilling Point\wp-includes\class-wp-hook.php on line 308

2023-04-09T08:44:53+00:00 CRITICAL Uncaught TypeError: call_user_func_array(): Argument #1 ($callback) must be a valid callback, function "gdlr_hostel_event_init" not found or invalid function name in C:\xampp\htdocs\Chilling Point\wp-includes\class-wp-hook.php:308
Stack trace:
#0 C:\xampp\htdocs\Chilling Point\wp-includes\class-wp-hook.php(332): WP_Hook->apply_filters(NULL, Array)
#1 C:\xampp\htdocs\Chilling Point\wp-includes\plugin.php(517): WP_Hook->do_action(Array)
#2 C:\xampp\htdocs\Chilling Point\wp-admin\includes\plugin.php(691): do_action('activate_gdlr-h...', false)
#3 C:\xampp\htdocs\Chilling Point\wp-content\themes\hotelmaster\include\plugin\class-tgm-plugin-activation.php(619): activate_plugin('gdlr-hostel/gdl...')
#4 C:\xampp\htdocs\Chilling Point\wp-content\themes\hotelmaster\include\plugin\class-tgm-plugin-activation.php(432): TGM_Plugin_Activation->do_plugin_install()
#5 C:\xampp\htdocs\Chilling Point\wp-includes\class-wp-hook.php(308): TGM_Plugin_Activation->install_plugins_page('')
#6 C:\xampp\htdocs\Chilling Point\wp-includes\class-wp-hook.php(332): WP_Hook->apply_filters('', Array)
#7 C:\xampp\htdocs\Chilling Point\wp-includes\plugin.php(517): WP_Hook->do_action(Array)
#8 C:\xampp\htdocs\Chilling Point\wp-admin\admin.php(259): do_action('appearance_page...')
#9 C:\xampp\htdocs\Chilling Point\wp-admin\themes.php(10): require_once('C:\\xampp\\htdocs...')
#10 {main}
  thrown in C:\xampp\htdocs\Chilling Point\wp-includes\class-wp-hook.php on line 308

2023-04-09T08:45:59+00:00 CRITICAL Uncaught TypeError: call_user_func_array(): Argument #1 ($callback) must be a valid callback, function "gdlr_hostel_event_init" not found or invalid function name in C:\xampp\htdocs\Chilling Point\wp-includes\class-wp-hook.php:308
Stack trace:
#0 C:\xampp\htdocs\Chilling Point\wp-includes\class-wp-hook.php(332): WP_Hook->apply_filters(NULL, Array)
#1 C:\xampp\htdocs\Chilling Point\wp-includes\plugin.php(517): WP_Hook->do_action(Array)
#2 C:\xampp\htdocs\Chilling Point\wp-admin\includes\plugin.php(691): do_action('activate_gdlr-h...', false)
#3 C:\xampp\htdocs\Chilling Point\wp-content\themes\hotelmaster\include\plugin\class-tgm-plugin-activation.php(619): activate_plugin('gdlr-hostel/gdl...')
#4 C:\xampp\htdocs\Chilling Point\wp-content\themes\hotelmaster\include\plugin\class-tgm-plugin-activation.php(432): TGM_Plugin_Activation->do_plugin_install()
#5 C:\xampp\htdocs\Chilling Point\wp-includes\class-wp-hook.php(308): TGM_Plugin_Activation->install_plugins_page('')
#6 C:\xampp\htdocs\Chilling Point\wp-includes\class-wp-hook.php(332): WP_Hook->apply_filters('', Array)
#7 C:\xampp\htdocs\Chilling Point\wp-includes\plugin.php(517): WP_Hook->do_action(Array)
#8 C:\xampp\htdocs\Chilling Point\wp-admin\admin.php(259): do_action('appearance_page...')
#9 C:\xampp\htdocs\Chilling Point\wp-admin\themes.php(10): require_once('C:\\xampp\\htdocs...')
#10 {main}
  thrown in C:\xampp\htdocs\Chilling Point\wp-includes\class-wp-hook.php on line 308

2023-04-09T08:53:20+00:00 CRITICAL Uncaught TypeError: call_user_func_array(): Argument #1 ($callback) must be a valid callback, function "gdlr_hostel_event_init" not found or invalid function name in C:\xampp\htdocs\Chilling Point\wp-includes\class-wp-hook.php:308
Stack trace:
#0 C:\xampp\htdocs\Chilling Point\wp-includes\class-wp-hook.php(332): WP_Hook->apply_filters(NULL, Array)
#1 C:\xampp\htdocs\Chilling Point\wp-includes\plugin.php(517): WP_Hook->do_action(Array)
#2 C:\xampp\htdocs\Chilling Point\wp-admin\includes\plugin.php(691): do_action('activate_gdlr-h...', false)
#3 C:\xampp\htdocs\Chilling Point\wp-content\themes\hotelmaster\include\plugin\class-tgm-plugin-activation.php(619): activate_plugin('gdlr-hostel/gdl...')
#4 C:\xampp\htdocs\Chilling Point\wp-content\themes\hotelmaster\include\plugin\class-tgm-plugin-activation.php(432): TGM_Plugin_Activation->do_plugin_install()
#5 C:\xampp\htdocs\Chilling Point\wp-includes\class-wp-hook.php(308): TGM_Plugin_Activation->install_plugins_page('')
#6 C:\xampp\htdocs\Chilling Point\wp-includes\class-wp-hook.php(332): WP_Hook->apply_filters('', Array)
#7 C:\xampp\htdocs\Chilling Point\wp-includes\plugin.php(517): WP_Hook->do_action(Array)
#8 C:\xampp\htdocs\Chilling Point\wp-admin\admin.php(259): do_action('appearance_page...')
#9 C:\xampp\htdocs\Chilling Point\wp-admin\themes.php(10): require_once('C:\\xampp\\htdocs...')
#10 {main}
  thrown in C:\xampp\htdocs\Chilling Point\wp-includes\class-wp-hook.php on line 308

2023-04-09T09:07:43+00:00 CRITICAL Uncaught TypeError: array_key_exists(): Argument #2 ($array) must be of type array, Stripe\Util\CaseInsensitiveArray given in C:\xampp\htdocs\Chilling Point\wp-content\plugins\gdlr-hotel\include\payment-api\stripe-php\lib\ApiRequestor.php:402
Stack trace:
#0 C:\xampp\htdocs\Chilling Point\wp-content\plugins\gdlr-hotel\include\payment-api\stripe-php\lib\ApiRequestor.php(402): array_key_exists('request-id', Object(Stripe\Util\CaseInsensitiveArray))
#1 C:\xampp\htdocs\Chilling Point\wp-content\plugins\gdlr-hotel\include\payment-api\stripe-php\lib\ApiRequestor.php(125): Stripe\ApiRequestor->_requestRaw('post', '/v1/payment_int...', Array, Array)
#2 C:\xampp\htdocs\Chilling Point\wp-content\plugins\gdlr-hotel\include\payment-api\stripe-php\lib\ApiOperations\Request.php(57): Stripe\ApiRequestor->request('post', '/v1/payment_int...', Array, Array)
#3 C:\xampp\htdocs\Chilling Point\wp-content\plugins\gdlr-hotel\include\payment-api\stripe-php\lib\ApiOperations\Create.php(23): Stripe\ApiResource::_staticRequest('post', '/v1/payment_int...', Array, NULL)
#4 C:\xampp\htdocs\Chilling Point\wp-content\plugins\gdlr-hotel\include\stripe-payment.php(34): Stripe\PaymentIntent::create(Array)
#5 C:\xampp\htdocs\Chilling Point\wp-content\plugins\gdlr-hotel\include\gdlr-booking-item.php(155): gdlr_get_stripe_form(Array)
#6 C:\xampp\htdocs\Chilling Point\wp-includes\class-wp-hook.php(308): gdlr_ajax_hotel_booking('')
#7 C:\xampp\htdocs\Chilling Point\wp-includes\class-wp-hook.php(332): WP_Hook->apply_filters('', Array)
#8 C:\xampp\htdocs\Chilling Point\wp-includes\plugin.php(517): WP_Hook->do_action(Array)
#9 C:\xampp\htdocs\Chilling Point\wp-admin\admin-ajax.php(188): do_action('wp_ajax_gdlr_ho...')
#10 {main}
  thrown in C:\xampp\htdocs\Chilling Point\wp-content\plugins\gdlr-hotel\include\payment-api\stripe-php\lib\ApiRequestor.php on line 402

2023-04-09T09:10:18+00:00 CRITICAL Uncaught TypeError: array_key_exists(): Argument #2 ($array) must be of type array, Stripe\Util\CaseInsensitiveArray given in C:\xampp\htdocs\Chilling Point\wp-content\plugins\gdlr-hotel\include\payment-api\stripe-php\lib\ApiRequestor.php:402
Stack trace:
#0 C:\xampp\htdocs\Chilling Point\wp-content\plugins\gdlr-hotel\include\payment-api\stripe-php\lib\ApiRequestor.php(402): array_key_exists('request-id', Object(Stripe\Util\CaseInsensitiveArray))
#1 C:\xampp\htdocs\Chilling Point\wp-content\plugins\gdlr-hotel\include\payment-api\stripe-php\lib\ApiRequestor.php(125): Stripe\ApiRequestor->_requestRaw('post', '/v1/payment_int...', Array, Array)
#2 C:\xampp\htdocs\Chilling Point\wp-content\plugins\gdlr-hotel\include\payment-api\stripe-php\lib\ApiOperations\Request.php(57): Stripe\ApiRequestor->request('post', '/v1/payment_int...', Array, Array)
#3 C:\xampp\htdocs\Chilling Point\wp-content\plugins\gdlr-hotel\include\payment-api\stripe-php\lib\ApiOperations\Create.php(23): Stripe\ApiResource::_staticRequest('post', '/v1/payment_int...', Array, NULL)
#4 C:\xampp\htdocs\Chilling Point\wp-content\plugins\gdlr-hotel\include\stripe-payment.php(34): Stripe\PaymentIntent::create(Array)
#5 C:\xampp\htdocs\Chilling Point\wp-content\plugins\gdlr-hotel\include\gdlr-booking-item.php(155): gdlr_get_stripe_form(Array)
#6 C:\xampp\htdocs\Chilling Point\wp-includes\class-wp-hook.php(308): gdlr_ajax_hotel_booking('')
#7 C:\xampp\htdocs\Chilling Point\wp-includes\class-wp-hook.php(332): WP_Hook->apply_filters('', Array)
#8 C:\xampp\htdocs\Chilling Point\wp-includes\plugin.php(517): WP_Hook->do_action(Array)
#9 C:\xampp\htdocs\Chilling Point\wp-admin\admin-ajax.php(188): do_action('wp_ajax_gdlr_ho...')
#10 {main}
  thrown in C:\xampp\htdocs\Chilling Point\wp-content\plugins\gdlr-hotel\include\payment-api\stripe-php\lib\ApiRequestor.php on line 402

2023-04-09T09:18:42+00:00 CRITICAL Uncaught TypeError: array_key_exists(): Argument #2 ($array) must be of type array, Stripe\Util\CaseInsensitiveArray given in C:\xampp\htdocs\Chilling Point\wp-content\plugins\gdlr-hotel\include\payment-api\stripe-php\lib\ApiRequestor.php:402
Stack trace:
#0 C:\xampp\htdocs\Chilling Point\wp-content\plugins\gdlr-hotel\include\payment-api\stripe-php\lib\ApiRequestor.php(402): array_key_exists('request-id', Object(Stripe\Util\CaseInsensitiveArray))
#1 C:\xampp\htdocs\Chilling Point\wp-content\plugins\gdlr-hotel\include\payment-api\stripe-php\lib\ApiRequestor.php(125): Stripe\ApiRequestor->_requestRaw('post', '/v1/payment_int...', Array, Array)
#2 C:\xampp\htdocs\Chilling Point\wp-content\plugins\gdlr-hotel\include\payment-api\stripe-php\lib\ApiOperations\Request.php(57): Stripe\ApiRequestor->request('post', '/v1/payment_int...', Array, Array)
#3 C:\xampp\htdocs\Chilling Point\wp-content\plugins\gdlr-hotel\include\payment-api\stripe-php\lib\ApiOperations\Create.php(23): Stripe\ApiResource::_staticRequest('post', '/v1/payment_int...', Array, NULL)
#4 C:\xampp\htdocs\Chilling Point\wp-content\plugins\gdlr-hotel\include\stripe-payment.php(34): Stripe\PaymentIntent::create(Array)
#5 C:\xampp\htdocs\Chilling Point\wp-content\plugins\gdlr-hotel\include\gdlr-booking-item.php(155): gdlr_get_stripe_form(Array)
#6 C:\xampp\htdocs\Chilling Point\wp-includes\class-wp-hook.php(308): gdlr_ajax_hotel_booking('')
#7 C:\xampp\htdocs\Chilling Point\wp-includes\class-wp-hook.php(332): WP_Hook->apply_filters('', Array)
#8 C:\xampp\htdocs\Chilling Point\wp-includes\plugin.php(517): WP_Hook->do_action(Array)
#9 C:\xampp\htdocs\Chilling Point\wp-admin\admin-ajax.php(188): do_action('wp_ajax_gdlr_ho...')
#10 {main}
  thrown in C:\xampp\htdocs\Chilling Point\wp-content\plugins\gdlr-hotel\include\payment-api\stripe-php\lib\ApiRequestor.php on line 402

2023-04-09T09:24:23+00:00 CRITICAL Uncaught TypeError: array_key_exists(): Argument #2 ($array) must be of type array, Stripe\Util\CaseInsensitiveArray given in C:\xampp\htdocs\Chilling Point\wp-content\plugins\gdlr-hotel\include\payment-api\stripe-php\lib\ApiRequestor.php:402
Stack trace:
#0 C:\xampp\htdocs\Chilling Point\wp-content\plugins\gdlr-hotel\include\payment-api\stripe-php\lib\ApiRequestor.php(402): array_key_exists('request-id', Object(Stripe\Util\CaseInsensitiveArray))
#1 C:\xampp\htdocs\Chilling Point\wp-content\plugins\gdlr-hotel\include\payment-api\stripe-php\lib\ApiRequestor.php(125): Stripe\ApiRequestor->_requestRaw('post', '/v1/payment_int...', Array, Array)
#2 C:\xampp\htdocs\Chilling Point\wp-content\plugins\gdlr-hotel\include\payment-api\stripe-php\lib\ApiOperations\Request.php(57): Stripe\ApiRequestor->request('post', '/v1/payment_int...', Array, Array)
#3 C:\xampp\htdocs\Chilling Point\wp-content\plugins\gdlr-hotel\include\payment-api\stripe-php\lib\ApiOperations\Create.php(23): Stripe\ApiResource::_staticRequest('post', '/v1/payment_int...', Array, NULL)
#4 C:\xampp\htdocs\Chilling Point\wp-content\plugins\gdlr-hotel\include\stripe-payment.php(34): Stripe\PaymentIntent::create(Array)
#5 C:\xampp\htdocs\Chilling Point\wp-content\plugins\gdlr-hotel\include\gdlr-booking-item.php(155): gdlr_get_stripe_form(Array)
#6 C:\xampp\htdocs\Chilling Point\wp-includes\class-wp-hook.php(308): gdlr_ajax_hotel_booking('')
#7 C:\xampp\htdocs\Chilling Point\wp-includes\class-wp-hook.php(332): WP_Hook->apply_filters('', Array)
#8 C:\xampp\htdocs\Chilling Point\wp-includes\plugin.php(517): WP_Hook->do_action(Array)
#9 C:\xampp\htdocs\Chilling Point\wp-admin\admin-ajax.php(188): do_action('wp_ajax_gdlr_ho...')
#10 {main}
  thrown in C:\xampp\htdocs\Chilling Point\wp-content\plugins\gdlr-hotel\include\payment-api\stripe-php\lib\ApiRequestor.php on line 402

2023-04-09T09:34:19+00:00 CRITICAL Uncaught TypeError: array_key_exists(): Argument #2 ($array) must be of type array, Stripe\Util\CaseInsensitiveArray given in C:\xampp\htdocs\Chilling Point\wp-content\plugins\gdlr-hotel\include\payment-api\stripe-php\lib\ApiRequestor.php:402
Stack trace:
#0 C:\xampp\htdocs\Chilling Point\wp-content\plugins\gdlr-hotel\include\payment-api\stripe-php\lib\ApiRequestor.php(402): array_key_exists('request-id', Object(Stripe\Util\CaseInsensitiveArray))
#1 C:\xampp\htdocs\Chilling Point\wp-content\plugins\gdlr-hotel\include\payment-api\stripe-php\lib\ApiRequestor.php(125): Stripe\ApiRequestor->_requestRaw('post', '/v1/payment_int...', Array, Array)
#2 C:\xampp\htdocs\Chilling Point\wp-content\plugins\gdlr-hotel\include\payment-api\stripe-php\lib\ApiOperations\Request.php(57): Stripe\ApiRequestor->request('post', '/v1/payment_int...', Array, Array)
#3 C:\xampp\htdocs\Chilling Point\wp-content\plugins\gdlr-hotel\include\payment-api\stripe-php\lib\ApiOperations\Create.php(23): Stripe\ApiResource::_staticRequest('post', '/v1/payment_int...', Array, NULL)
#4 C:\xampp\htdocs\Chilling Point\wp-content\plugins\gdlr-hotel\include\stripe-payment.php(34): Stripe\PaymentIntent::create(Array)
#5 C:\xampp\htdocs\Chilling Point\wp-content\plugins\gdlr-hotel\include\gdlr-booking-item.php(155): gdlr_get_stripe_form(Array)
#6 C:\xampp\htdocs\Chilling Point\wp-includes\class-wp-hook.php(308): gdlr_ajax_hotel_booking('')
#7 C:\xampp\htdocs\Chilling Point\wp-includes\class-wp-hook.php(332): WP_Hook->apply_filters('', Array)
#8 C:\xampp\htdocs\Chilling Point\wp-includes\plugin.php(517): WP_Hook->do_action(Array)
#9 C:\xampp\htdocs\Chilling Point\wp-admin\admin-ajax.php(188): do_action('wp_ajax_gdlr_ho...')
#10 {main}
  thrown in C:\xampp\htdocs\Chilling Point\wp-content\plugins\gdlr-hotel\include\payment-api\stripe-php\lib\ApiRequestor.php on line 402

2023-04-09T10:05:13+00:00 CRITICAL Uncaught TypeError: array_key_exists(): Argument #2 ($array) must be of type array, Stripe\Util\CaseInsensitiveArray given in C:\xampp\htdocs\Chilling Point\wp-content\plugins\gdlr-hotel\include\payment-api\stripe-php\lib\ApiRequestor.php:402
Stack trace:
#0 C:\xampp\htdocs\Chilling Point\wp-content\plugins\gdlr-hotel\include\payment-api\stripe-php\lib\ApiRequestor.php(402): array_key_exists('request-id', Object(Stripe\Util\CaseInsensitiveArray))
#1 C:\xampp\htdocs\Chilling Point\wp-content\plugins\gdlr-hotel\include\payment-api\stripe-php\lib\ApiRequestor.php(125): Stripe\ApiRequestor->_requestRaw('post', '/v1/payment_int...', Array, Array)
#2 C:\xampp\htdocs\Chilling Point\wp-content\plugins\gdlr-hotel\include\payment-api\stripe-php\lib\ApiOperations\Request.php(57): Stripe\ApiRequestor->request('post', '/v1/payment_int...', Array, Array)
#3 C:\xampp\htdocs\Chilling Point\wp-content\plugins\gdlr-hotel\include\payment-api\stripe-php\lib\ApiOperations\Create.php(23): Stripe\ApiResource::_staticRequest('post', '/v1/payment_int...', Array, NULL)
#4 C:\xampp\htdocs\Chilling Point\wp-content\plugins\gdlr-hotel\include\stripe-payment.php(34): Stripe\PaymentIntent::create(Array)
#5 C:\xampp\htdocs\Chilling Point\wp-content\plugins\gdlr-hotel\include\gdlr-booking-item.php(155): gdlr_get_stripe_form(Array)
#6 C:\xampp\htdocs\Chilling Point\wp-includes\class-wp-hook.php(308): gdlr_ajax_hotel_booking('')
#7 C:\xampp\htdocs\Chilling Point\wp-includes\class-wp-hook.php(332): WP_Hook->apply_filters('', Array)
#8 C:\xampp\htdocs\Chilling Point\wp-includes\plugin.php(517): WP_Hook->do_action(Array)
#9 C:\xampp\htdocs\Chilling Point\wp-admin\admin-ajax.php(188): do_action('wp_ajax_gdlr_ho...')
#10 {main}
  thrown in C:\xampp\htdocs\Chilling Point\wp-content\plugins\gdlr-hotel\include\payment-api\stripe-php\lib\ApiRequestor.php on line 402

2023-04-09T14:06:12+00:00 CRITICAL Uncaught TypeError: array_key_exists(): Argument #2 ($array) must be of type array, Stripe\Util\CaseInsensitiveArray given in C:\xampp\htdocs\Chilling Point\wp-content\plugins\gdlr-hotel\include\payment-api\stripe-php\lib\ApiRequestor.php:402
Stack trace:
#0 C:\xampp\htdocs\Chilling Point\wp-content\plugins\gdlr-hotel\include\payment-api\stripe-php\lib\ApiRequestor.php(402): array_key_exists('request-id', Object(Stripe\Util\CaseInsensitiveArray))
#1 C:\xampp\htdocs\Chilling Point\wp-content\plugins\gdlr-hotel\include\payment-api\stripe-php\lib\ApiRequestor.php(125): Stripe\ApiRequestor->_requestRaw('post', '/v1/payment_int...', Array, Array)
#2 C:\xampp\htdocs\Chilling Point\wp-content\plugins\gdlr-hotel\include\payment-api\stripe-php\lib\ApiOperations\Request.php(57): Stripe\ApiRequestor->request('post', '/v1/payment_int...', Array, Array)
#3 C:\xampp\htdocs\Chilling Point\wp-content\plugins\gdlr-hotel\include\payment-api\stripe-php\lib\ApiOperations\Create.php(23): Stripe\ApiResource::_staticRequest('post', '/v1/payment_int...', Array, NULL)
#4 C:\xampp\htdocs\Chilling Point\wp-content\plugins\gdlr-hotel\include\stripe-payment.php(34): Stripe\PaymentIntent::create(Array)
#5 C:\xampp\htdocs\Chilling Point\wp-content\plugins\gdlr-hotel\include\gdlr-booking-item.php(155): gdlr_get_stripe_form(Array)
#6 C:\xampp\htdocs\Chilling Point\wp-includes\class-wp-hook.php(308): gdlr_ajax_hotel_booking('')
#7 C:\xampp\htdocs\Chilling Point\wp-includes\class-wp-hook.php(332): WP_Hook->apply_filters('', Array)
#8 C:\xampp\htdocs\Chilling Point\wp-includes\plugin.php(517): WP_Hook->do_action(Array)
#9 C:\xampp\htdocs\Chilling Point\wp-admin\admin-ajax.php(188): do_action('wp_ajax_gdlr_ho...')
#10 {main}
  thrown in C:\xampp\htdocs\Chilling Point\wp-content\plugins\gdlr-hotel\include\payment-api\stripe-php\lib\ApiRequestor.php on line 402

2023-04-09T14:10:44+00:00 CRITICAL Uncaught TypeError: array_key_exists(): Argument #2 ($array) must be of type array, Stripe\Util\CaseInsensitiveArray given in C:\xampp\htdocs\Chilling Point\wp-content\plugins\gdlr-hotel\include\payment-api\stripe-php\lib\ApiRequestor.php:402
Stack trace:
#0 C:\xampp\htdocs\Chilling Point\wp-content\plugins\gdlr-hotel\include\payment-api\stripe-php\lib\ApiRequestor.php(402): array_key_exists('request-id', Object(Stripe\Util\CaseInsensitiveArray))
#1 C:\xampp\htdocs\Chilling Point\wp-content\plugins\gdlr-hotel\include\payment-api\stripe-php\lib\ApiRequestor.php(125): Stripe\ApiRequestor->_requestRaw('post', '/v1/payment_int...', Array, Array)
#2 C:\xampp\htdocs\Chilling Point\wp-content\plugins\gdlr-hotel\include\payment-api\stripe-php\lib\ApiOperations\Request.php(57): Stripe\ApiRequestor->request('post', '/v1/payment_int...', Array, Array)
#3 C:\xampp\htdocs\Chilling Point\wp-content\plugins\gdlr-hotel\include\payment-api\stripe-php\lib\ApiOperations\Create.php(23): Stripe\ApiResource::_staticRequest('post', '/v1/payment_int...', Array, NULL)
#4 C:\xampp\htdocs\Chilling Point\wp-content\plugins\gdlr-hotel\include\stripe-payment.php(34): Stripe\PaymentIntent::create(Array)
#5 C:\xampp\htdocs\Chilling Point\wp-content\plugins\gdlr-hotel\include\gdlr-booking-item.php(155): gdlr_get_stripe_form(Array)
#6 C:\xampp\htdocs\Chilling Point\wp-includes\class-wp-hook.php(308): gdlr_ajax_hotel_booking('')
#7 C:\xampp\htdocs\Chilling Point\wp-includes\class-wp-hook.php(332): WP_Hook->apply_filters('', Array)
#8 C:\xampp\htdocs\Chilling Point\wp-includes\plugin.php(517): WP_Hook->do_action(Array)
#9 C:\xampp\htdocs\Chilling Point\wp-admin\admin-ajax.php(188): do_action('wp_ajax_gdlr_ho...')
#10 {main}
  thrown in C:\xampp\htdocs\Chilling Point\wp-content\plugins\gdlr-hotel\include\payment-api\stripe-php\lib\ApiRequestor.php on line 402

2023-04-09T15:34:45+00:00 CRITICAL Uncaught Error: Class "Elementor\Scheme_Color" not found in C:\xampp\htdocs\Chilling Point\wp-content\themes\hotelmaster\elementor\image-list.php:292
Stack trace:
#0 C:\xampp\htdocs\Chilling Point\wp-content\plugins\elementor\includes\base\controls-stack.php(2327): Hotelmaster_Elementor_Widget_Image_List->_register_controls()
#1 C:\xampp\htdocs\Chilling Point\wp-content\plugins\elementor\includes\base\controls-stack.php(496): Elementor\Controls_Stack->init_controls()
#2 C:\xampp\htdocs\Chilling Point\wp-content\plugins\elementor\includes\base\widget-base.php(177): Elementor\Controls_Stack->get_stack()
#3 C:\xampp\htdocs\Chilling Point\wp-content\plugins\elementor\includes\managers\widgets.php(368): Elementor\Widget_Base->get_stack(false)
#4 [internal function]: Elementor\Widgets_Manager->ajax_get_widget_types_controls_config(Array, Object(Elementor\Core\Common\Modules\Ajax\Module))
#5 C:\xampp\htdocs\Chilling Point\wp-content\plugins\elementor\core\common\modules\ajax\module.php(175): call_user_func(Array, Array, Object(Elementor\Core\Common\Modules\Ajax\Module))
#6 C:\xampp\htdocs\Chilling Point\wp-includes\class-wp-hook.php(308): Elementor\Core\Common\Modules\Ajax\Module->handle_ajax_request('')
#7 C:\xampp\htdocs\Chilling Point\wp-includes\class-wp-hook.php(332): WP_Hook->apply_filters('', Array)
#8 C:\xampp\htdocs\Chilling Point\wp-includes\plugin.php(517): WP_Hook->do_action(Array)
#9 C:\xampp\htdocs\Chilling Point\wp-admin\admin-ajax.php(188): do_action('wp_ajax_element...')
#10 {main}
  thrown in C:\xampp\htdocs\Chilling Point\wp-content\themes\hotelmaster\elementor\image-list.php on line 292

2023-04-09T15:49:53+00:00 CRITICAL Uncaught Error: Class "Elementor\Scheme_Color" not found in C:\xampp\htdocs\Chilling Point\wp-content\themes\hotelmaster\elementor\image-list.php:292
Stack trace:
#0 C:\xampp\htdocs\Chilling Point\wp-content\plugins\elementor\includes\base\controls-stack.php(2327): Hotelmaster_Elementor_Widget_Image_List->_register_controls()
#1 C:\xampp\htdocs\Chilling Point\wp-content\plugins\elementor\includes\base\controls-stack.php(496): Elementor\Controls_Stack->init_controls()
#2 C:\xampp\htdocs\Chilling Point\wp-content\plugins\elementor\includes\base\widget-base.php(177): Elementor\Controls_Stack->get_stack()
#3 C:\xampp\htdocs\Chilling Point\wp-content\plugins\elementor\includes\managers\widgets.php(368): Elementor\Widget_Base->get_stack(false)
#4 [internal function]: Elementor\Widgets_Manager->ajax_get_widget_types_controls_config(Array, Object(Elementor\Core\Common\Modules\Ajax\Module))
#5 C:\xampp\htdocs\Chilling Point\wp-content\plugins\elementor\core\common\modules\ajax\module.php(175): call_user_func(Array, Array, Object(Elementor\Core\Common\Modules\Ajax\Module))
#6 C:\xampp\htdocs\Chilling Point\wp-includes\class-wp-hook.php(308): Elementor\Core\Common\Modules\Ajax\Module->handle_ajax_request('')
#7 C:\xampp\htdocs\Chilling Point\wp-includes\class-wp-hook.php(332): WP_Hook->apply_filters('', Array)
#8 C:\xampp\htdocs\Chilling Point\wp-includes\plugin.php(517): WP_Hook->do_action(Array)
#9 C:\xampp\htdocs\Chilling Point\wp-admin\admin-ajax.php(188): do_action('wp_ajax_element...')
#10 {main}
  thrown in C:\xampp\htdocs\Chilling Point\wp-content\themes\hotelmaster\elementor\image-list.php on line 292

2023-04-09T16:06:57+00:00 CRITICAL Uncaught Error: Class "Elementor\Scheme_Color" not found in C:\xampp\htdocs\Chilling Point\wp-content\themes\hotelmaster\elementor\image-list.php:292
Stack trace:
#0 C:\xampp\htdocs\Chilling Point\wp-content\plugins\elementor\includes\base\controls-stack.php(2327): Hotelmaster_Elementor_Widget_Image_List->_register_controls()
#1 C:\xampp\htdocs\Chilling Point\wp-content\plugins\elementor\includes\base\controls-stack.php(496): Elementor\Controls_Stack->init_controls()
#2 C:\xampp\htdocs\Chilling Point\wp-content\plugins\elementor\includes\base\widget-base.php(177): Elementor\Controls_Stack->get_stack()
#3 C:\xampp\htdocs\Chilling Point\wp-content\plugins\elementor\includes\managers\widgets.php(368): Elementor\Widget_Base->get_stack(false)
#4 [internal function]: Elementor\Widgets_Manager->ajax_get_widget_types_controls_config(Array, Object(Elementor\Core\Common\Modules\Ajax\Module))
#5 C:\xampp\htdocs\Chilling Point\wp-content\plugins\elementor\core\common\modules\ajax\module.php(175): call_user_func(Array, Array, Object(Elementor\Core\Common\Modules\Ajax\Module))
#6 C:\xampp\htdocs\Chilling Point\wp-includes\class-wp-hook.php(308): Elementor\Core\Common\Modules\Ajax\Module->handle_ajax_request('')
#7 C:\xampp\htdocs\Chilling Point\wp-includes\class-wp-hook.php(332): WP_Hook->apply_filters('', Array)
#8 C:\xampp\htdocs\Chilling Point\wp-includes\plugin.php(517): WP_Hook->do_action(Array)
#9 C:\xampp\htdocs\Chilling Point\wp-admin\admin-ajax.php(188): do_action('wp_ajax_element...')
#10 {main}
  thrown in C:\xampp\htdocs\Chilling Point\wp-content\themes\hotelmaster\elementor\image-list.php on line 292

2023-04-09T16:09:57+00:00 CRITICAL Uncaught Error: Class "Elementor\Scheme_Color" not found in C:\xampp\htdocs\Chilling Point\wp-content\themes\hotelmaster\elementor\image-list.php:292
Stack trace:
#0 C:\xampp\htdocs\Chilling Point\wp-content\plugins\elementor\includes\base\controls-stack.php(2327): Hotelmaster_Elementor_Widget_Image_List->_register_controls()
#1 C:\xampp\htdocs\Chilling Point\wp-content\plugins\elementor\includes\base\controls-stack.php(496): Elementor\Controls_Stack->init_controls()
#2 C:\xampp\htdocs\Chilling Point\wp-content\plugins\elementor\includes\base\widget-base.php(177): Elementor\Controls_Stack->get_stack()
#3 C:\xampp\htdocs\Chilling Point\wp-content\plugins\elementor\includes\base\controls-stack.php(300): Elementor\Widget_Base->get_stack()
#4 C:\xampp\htdocs\Chilling Point\wp-content\plugins\elementor\core\files\css\global-css.php(120): Elementor\Controls_Stack->get_controls()
#5 C:\xampp\htdocs\Chilling Point\wp-content\plugins\elementor\core\files\css\global-css.php(66): Elementor\Core\Files\CSS\Global_CSS->render_schemes_and_globals_css()
#6 C:\xampp\htdocs\Chilling Point\wp-content\plugins\elementor\core\files\css\base.php(651): Elementor\Core\Files\CSS\Global_CSS->render_css()
#7 C:\xampp\htdocs\Chilling Point\wp-content\plugins\elementor\core\files\base.php(180): Elementor\Core\Files\CSS\Base->parse_content()
#8 C:\xampp\htdocs\Chilling Point\wp-content\plugins\elementor\core\files\css\base.php(130): Elementor\Core\Files\Base->update_file()
#9 C:\xampp\htdocs\Chilling Point\wp-content\plugins\elementor\core\files\css\base.php(217): Elementor\Core\Files\CSS\Base->update()
#10 C:\xampp\htdocs\Chilling Point\wp-content\plugins\elementor\includes\frontend.php(1048): Elementor\Core\Files\CSS\Base->enqueue()
#11 C:\xampp\htdocs\Chilling Point\wp-content\plugins\elementor\includes\frontend.php(670): Elementor\Frontend->parse_global_css_code()
#12 C:\xampp\htdocs\Chilling Point\wp-includes\class-wp-hook.php(308): Elementor\Frontend->enqueue_styles('')
#13 C:\xampp\htdocs\Chilling Point\wp-includes\class-wp-hook.php(332): WP_Hook->apply_filters(NULL, Array)
#14 C:\xampp\htdocs\Chilling Point\wp-includes\plugin.php(517): WP_Hook->do_action(Array)
#15 C:\xampp\htdocs\Chilling Point\wp-includes\script-loader.php(2194): do_action('wp_enqueue_scri...')
#16 C:\xampp\htdocs\Chilling Point\wp-includes\class-wp-hook.php(308): wp_enqueue_scripts('')
#17 C:\xampp\htdocs\Chilling Point\wp-includes\class-wp-hook.php(332): WP_Hook->apply_filters(NULL, Array)
#18 C:\xampp\htdocs\Chilling Point\wp-includes\plugin.php(517): WP_Hook->do_action(Array)
#19 C:\xampp\htdocs\Chilling Point\wp-includes\general-template.php(3049): do_action('wp_head')
#20 C:\xampp\htdocs\Chilling Point\wp-content\themes\hotelmaster\header.php(28): wp_head()
#21 C:\xampp\htdocs\Chilling Point\wp-includes\template.php(783): require_once('C:\\xampp\\htdocs...')
#22 C:\xampp\htdocs\Chilling Point\wp-includes\template.php(718): load_template('C:\\xampp\\htdocs...', true, Array)
#23 C:\xampp\htdocs\Chilling Point\wp-includes\general-template.php(48): locate_template(Array, true, true, Array)
#24 C:\xampp\htdocs\Chilling Point\wp-content\themes\hotelmaster\page.php(1): get_header()
#25 C:\xampp\htdocs\Chilling Point\wp-includes\template-loader.php(106): include('C:\\xampp\\htdocs...')
#26 C:\xampp\htdocs\Chilling Point\wp-blog-header.php(19): require_once('C:\\xampp\\htdocs...')
#27 C:\xampp\htdocs\Chilling Point\index.php(17): require('C:\\xampp\\htdocs...')
#28 {main}
  thrown in C:\xampp\htdocs\Chilling Point\wp-content\themes\hotelmaster\elementor\image-list.php on line 292

2023-04-09T16:10:07+00:00 CRITICAL Uncaught Error: Class "Elementor\Scheme_Color" not found in C:\xampp\htdocs\Chilling Point\wp-content\themes\hotelmaster\elementor\image-list.php:292
Stack trace:
#0 C:\xampp\htdocs\Chilling Point\wp-content\plugins\elementor\includes\base\controls-stack.php(2327): Hotelmaster_Elementor_Widget_Image_List->_register_controls()
#1 C:\xampp\htdocs\Chilling Point\wp-content\plugins\elementor\includes\base\controls-stack.php(496): Elementor\Controls_Stack->init_controls()
#2 C:\xampp\htdocs\Chilling Point\wp-content\plugins\elementor\includes\base\widget-base.php(177): Elementor\Controls_Stack->get_stack()
#3 C:\xampp\htdocs\Chilling Point\wp-content\plugins\elementor\includes\base\controls-stack.php(300): Elementor\Widget_Base->get_stack()
#4 C:\xampp\htdocs\Chilling Point\wp-content\plugins\elementor\core\files\css\global-css.php(120): Elementor\Controls_Stack->get_controls()
#5 C:\xampp\htdocs\Chilling Point\wp-content\plugins\elementor\core\files\css\global-css.php(66): Elementor\Core\Files\CSS\Global_CSS->render_schemes_and_globals_css()
#6 C:\xampp\htdocs\Chilling Point\wp-content\plugins\elementor\core\files\css\base.php(651): Elementor\Core\Files\CSS\Global_CSS->render_css()
#7 C:\xampp\htdocs\Chilling Point\wp-content\plugins\elementor\core\files\base.php(180): Elementor\Core\Files\CSS\Base->parse_content()
#8 C:\xampp\htdocs\Chilling Point\wp-content\plugins\elementor\core\files\css\base.php(130): Elementor\Core\Files\Base->update_file()
#9 C:\xampp\htdocs\Chilling Point\wp-content\plugins\elementor\core\files\css\base.php(217): Elementor\Core\Files\CSS\Base->update()
#10 C:\xampp\htdocs\Chilling Point\wp-content\plugins\elementor\includes\frontend.php(1048): Elementor\Core\Files\CSS\Base->enqueue()
#11 C:\xampp\htdocs\Chilling Point\wp-content\plugins\elementor\includes\frontend.php(670): Elementor\Frontend->parse_global_css_code()
#12 C:\xampp\htdocs\Chilling Point\wp-includes\class-wp-hook.php(308): Elementor\Frontend->enqueue_styles('')
#13 C:\xampp\htdocs\Chilling Point\wp-includes\class-wp-hook.php(332): WP_Hook->apply_filters(NULL, Array)
#14 C:\xampp\htdocs\Chilling Point\wp-includes\plugin.php(517): WP_Hook->do_action(Array)
#15 C:\xampp\htdocs\Chilling Point\wp-includes\script-loader.php(2194): do_action('wp_enqueue_scri...')
#16 C:\xampp\htdocs\Chilling Point\wp-includes\class-wp-hook.php(308): wp_enqueue_scripts('')
#17 C:\xampp\htdocs\Chilling Point\wp-includes\class-wp-hook.php(332): WP_Hook->apply_filters(NULL, Array)
#18 C:\xampp\htdocs\Chilling Point\wp-includes\plugin.php(517): WP_Hook->do_action(Array)
#19 C:\xampp\htdocs\Chilling Point\wp-includes\general-template.php(3049): do_action('wp_head')
#20 C:\xampp\htdocs\Chilling Point\wp-content\themes\hotelmaster\header.php(28): wp_head()
#21 C:\xampp\htdocs\Chilling Point\wp-includes\template.php(783): require_once('C:\\xampp\\htdocs...')
#22 C:\xampp\htdocs\Chilling Point\wp-includes\template.php(718): load_template('C:\\xampp\\htdocs...', true, Array)
#23 C:\xampp\htdocs\Chilling Point\wp-includes\general-template.php(48): locate_template(Array, true, true, Array)
#24 C:\xampp\htdocs\Chilling Point\wp-content\themes\hotelmaster\page.php(1): get_header()
#25 C:\xampp\htdocs\Chilling Point\wp-includes\template-loader.php(106): include('C:\\xampp\\htdocs...')
#26 C:\xampp\htdocs\Chilling Point\wp-blog-header.php(19): require_once('C:\\xampp\\htdocs...')
#27 C:\xampp\htdocs\Chilling Point\index.php(17): require('C:\\xampp\\htdocs...')
#28 {main}
  thrown in C:\xampp\htdocs\Chilling Point\wp-content\themes\hotelmaster\elementor\image-list.php on line 292

2023-04-09T16:10:38+00:00 CRITICAL Uncaught Error: Class "Elementor\Scheme_Color" not found in C:\xampp\htdocs\Chilling Point\wp-content\themes\hotelmaster\elementor\image-list.php:292
Stack trace:
#0 C:\xampp\htdocs\Chilling Point\wp-content\plugins\elementor\includes\base\controls-stack.php(2327): Hotelmaster_Elementor_Widget_Image_List->_register_controls()
#1 C:\xampp\htdocs\Chilling Point\wp-content\plugins\elementor\includes\base\controls-stack.php(496): Elementor\Controls_Stack->init_controls()
#2 C:\xampp\htdocs\Chilling Point\wp-content\plugins\elementor\includes\base\widget-base.php(177): Elementor\Controls_Stack->get_stack()
#3 C:\xampp\htdocs\Chilling Point\wp-content\plugins\elementor\includes\base\controls-stack.php(300): Elementor\Widget_Base->get_stack()
#4 C:\xampp\htdocs\Chilling Point\wp-content\plugins\elementor\core\files\css\global-css.php(120): Elementor\Controls_Stack->get_controls()
#5 C:\xampp\htdocs\Chilling Point\wp-content\plugins\elementor\core\files\css\global-css.php(66): Elementor\Core\Files\CSS\Global_CSS->render_schemes_and_globals_css()
#6 C:\xampp\htdocs\Chilling Point\wp-content\plugins\elementor\core\files\css\base.php(651): Elementor\Core\Files\CSS\Global_CSS->render_css()
#7 C:\xampp\htdocs\Chilling Point\wp-content\plugins\elementor\core\files\base.php(180): Elementor\Core\Files\CSS\Base->parse_content()
#8 C:\xampp\htdocs\Chilling Point\wp-content\plugins\elementor\core\files\css\base.php(130): Elementor\Core\Files\Base->update_file()
#9 C:\xampp\htdocs\Chilling Point\wp-content\plugins\elementor\core\files\css\base.php(217): Elementor\Core\Files\CSS\Base->update()
#10 C:\xampp\htdocs\Chilling Point\wp-content\plugins\elementor\includes\frontend.php(1048): Elementor\Core\Files\CSS\Base->enqueue()
#11 C:\xampp\htdocs\Chilling Point\wp-content\plugins\elementor\includes\frontend.php(670): Elementor\Frontend->parse_global_css_code()
#12 C:\xampp\htdocs\Chilling Point\wp-includes\class-wp-hook.php(308): Elementor\Frontend->enqueue_styles('')
#13 C:\xampp\htdocs\Chilling Point\wp-includes\class-wp-hook.php(332): WP_Hook->apply_filters(NULL, Array)
#14 C:\xampp\htdocs\Chilling Point\wp-includes\plugin.php(517): WP_Hook->do_action(Array)
#15 C:\xampp\htdocs\Chilling Point\wp-includes\script-loader.php(2194): do_action('wp_enqueue_scri...')
#16 C:\xampp\htdocs\Chilling Point\wp-includes\class-wp-hook.php(308): wp_enqueue_scripts('')
#17 C:\xampp\htdocs\Chilling Point\wp-includes\class-wp-hook.php(332): WP_Hook->apply_filters(NULL, Array)
#18 C:\xampp\htdocs\Chilling Point\wp-includes\plugin.php(517): WP_Hook->do_action(Array)
#19 C:\xampp\htdocs\Chilling Point\wp-includes\general-template.php(3049): do_action('wp_head')
#20 C:\xampp\htdocs\Chilling Point\wp-content\themes\hotelmaster\header.php(28): wp_head()
#21 C:\xampp\htdocs\Chilling Point\wp-includes\template.php(783): require_once('C:\\xampp\\htdocs...')
#22 C:\xampp\htdocs\Chilling Point\wp-includes\template.php(718): load_template('C:\\xampp\\htdocs...', true, Array)
#23 C:\xampp\htdocs\Chilling Point\wp-includes\general-template.php(48): locate_template(Array, true, true, Array)
#24 C:\xampp\htdocs\Chilling Point\wp-content\themes\hotelmaster\page.php(1): get_header()
#25 C:\xampp\htdocs\Chilling Point\wp-includes\template-loader.php(106): include('C:\\xampp\\htdocs...')
#26 C:\xampp\htdocs\Chilling Point\wp-blog-header.php(19): require_once('C:\\xampp\\htdocs...')
#27 C:\xampp\htdocs\Chilling Point\index.php(17): require('C:\\xampp\\htdocs...')
#28 {main}
  thrown in C:\xampp\htdocs\Chilling Point\wp-content\themes\hotelmaster\elementor\image-list.php on line 292

2023-04-09T16:11:43+00:00 CRITICAL Uncaught Error: Class "Elementor\Scheme_Color" not found in C:\xampp\htdocs\Chilling Point\wp-content\themes\hotelmaster\elementor\image-list.php:292
Stack trace:
#0 C:\xampp\htdocs\Chilling Point\wp-content\plugins\elementor\includes\base\controls-stack.php(2327): Hotelmaster_Elementor_Widget_Image_List->_register_controls()
#1 C:\xampp\htdocs\Chilling Point\wp-content\plugins\elementor\includes\base\controls-stack.php(496): Elementor\Controls_Stack->init_controls()
#2 C:\xampp\htdocs\Chilling Point\wp-content\plugins\elementor\includes\base\widget-base.php(177): Elementor\Controls_Stack->get_stack()
#3 C:\xampp\htdocs\Chilling Point\wp-content\plugins\elementor\includes\base\controls-stack.php(300): Elementor\Widget_Base->get_stack()
#4 C:\xampp\htdocs\Chilling Point\wp-content\plugins\elementor\core\files\css\global-css.php(120): Elementor\Controls_Stack->get_controls()
#5 C:\xampp\htdocs\Chilling Point\wp-content\plugins\elementor\core\files\css\global-css.php(66): Elementor\Core\Files\CSS\Global_CSS->render_schemes_and_globals_css()
#6 C:\xampp\htdocs\Chilling Point\wp-content\plugins\elementor\core\files\css\base.php(651): Elementor\Core\Files\CSS\Global_CSS->render_css()
#7 C:\xampp\htdocs\Chilling Point\wp-content\plugins\elementor\core\files\base.php(180): Elementor\Core\Files\CSS\Base->parse_content()
#8 C:\xampp\htdocs\Chilling Point\wp-content\plugins\elementor\core\files\css\base.php(130): Elementor\Core\Files\Base->update_file()
#9 C:\xampp\htdocs\Chilling Point\wp-content\plugins\elementor\core\files\css\base.php(217): Elementor\Core\Files\CSS\Base->update()
#10 C:\xampp\htdocs\Chilling Point\wp-content\plugins\elementor\includes\frontend.php(1048): Elementor\Core\Files\CSS\Base->enqueue()
#11 C:\xampp\htdocs\Chilling Point\wp-content\plugins\elementor\includes\frontend.php(670): Elementor\Frontend->parse_global_css_code()
#12 C:\xampp\htdocs\Chilling Point\wp-includes\class-wp-hook.php(308): Elementor\Frontend->enqueue_styles('')
#13 C:\xampp\htdocs\Chilling Point\wp-includes\class-wp-hook.php(332): WP_Hook->apply_filters(NULL, Array)
#14 C:\xampp\htdocs\Chilling Point\wp-includes\plugin.php(517): WP_Hook->do_action(Array)
#15 C:\xampp\htdocs\Chilling Point\wp-includes\script-loader.php(2194): do_action('wp_enqueue_scri...')
#16 C:\xampp\htdocs\Chilling Point\wp-includes\class-wp-hook.php(308): wp_enqueue_scripts('')
#17 C:\xampp\htdocs\Chilling Point\wp-includes\class-wp-hook.php(332): WP_Hook->apply_filters(NULL, Array)
#18 C:\xampp\htdocs\Chilling Point\wp-includes\plugin.php(517): WP_Hook->do_action(Array)
#19 C:\xampp\htdocs\Chilling Point\wp-includes\general-template.php(3049): do_action('wp_head')
#20 C:\xampp\htdocs\Chilling Point\wp-content\themes\hotelmaster\header.php(28): wp_head()
#21 C:\xampp\htdocs\Chilling Point\wp-includes\template.php(783): require_once('C:\\xampp\\htdocs...')
#22 C:\xampp\htdocs\Chilling Point\wp-includes\template.php(718): load_template('C:\\xampp\\htdocs...', true, Array)
#23 C:\xampp\htdocs\Chilling Point\wp-includes\general-template.php(48): locate_template(Array, true, true, Array)
#24 C:\xampp\htdocs\Chilling Point\wp-content\themes\hotelmaster\page.php(1): get_header()
#25 C:\xampp\htdocs\Chilling Point\wp-includes\template-loader.php(106): include('C:\\xampp\\htdocs...')
#26 C:\xampp\htdocs\Chilling Point\wp-blog-header.php(19): require_once('C:\\xampp\\htdocs...')
#27 C:\xampp\htdocs\Chilling Point\index.php(17): require('C:\\xampp\\htdocs...')
#28 {main}
  thrown in C:\xampp\htdocs\Chilling Point\wp-content\themes\hotelmaster\elementor\image-list.php on line 292

2023-04-09T16:11:50+00:00 CRITICAL Uncaught Error: Class "Elementor\Scheme_Color" not found in C:\xampp\htdocs\Chilling Point\wp-content\themes\hotelmaster\elementor\image-list.php:292
Stack trace:
#0 C:\xampp\htdocs\Chilling Point\wp-content\plugins\elementor\includes\base\controls-stack.php(2327): Hotelmaster_Elementor_Widget_Image_List->_register_controls()
#1 C:\xampp\htdocs\Chilling Point\wp-content\plugins\elementor\includes\base\controls-stack.php(496): Elementor\Controls_Stack->init_controls()
#2 C:\xampp\htdocs\Chilling Point\wp-content\plugins\elementor\includes\base\widget-base.php(177): Elementor\Controls_Stack->get_stack()
#3 C:\xampp\htdocs\Chilling Point\wp-content\plugins\elementor\includes\base\controls-stack.php(300): Elementor\Widget_Base->get_stack()
#4 C:\xampp\htdocs\Chilling Point\wp-content\plugins\elementor\core\files\css\global-css.php(120): Elementor\Controls_Stack->get_controls()
#5 C:\xampp\htdocs\Chilling Point\wp-content\plugins\elementor\core\files\css\global-css.php(66): Elementor\Core\Files\CSS\Global_CSS->render_schemes_and_globals_css()
#6 C:\xampp\htdocs\Chilling Point\wp-content\plugins\elementor\core\files\css\base.php(651): Elementor\Core\Files\CSS\Global_CSS->render_css()
#7 C:\xampp\htdocs\Chilling Point\wp-content\plugins\elementor\core\files\base.php(180): Elementor\Core\Files\CSS\Base->parse_content()
#8 C:\xampp\htdocs\Chilling Point\wp-content\plugins\elementor\core\files\css\base.php(130): Elementor\Core\Files\Base->update_file()
#9 C:\xampp\htdocs\Chilling Point\wp-content\plugins\elementor\core\files\css\base.php(217): Elementor\Core\Files\CSS\Base->update()
#10 C:\xampp\htdocs\Chilling Point\wp-content\plugins\elementor\includes\frontend.php(1048): Elementor\Core\Files\CSS\Base->enqueue()
#11 C:\xampp\htdocs\Chilling Point\wp-content\plugins\elementor\includes\frontend.php(670): Elementor\Frontend->parse_global_css_code()
#12 C:\xampp\htdocs\Chilling Point\wp-includes\class-wp-hook.php(308): Elementor\Frontend->enqueue_styles('')
#13 C:\xampp\htdocs\Chilling Point\wp-includes\class-wp-hook.php(332): WP_Hook->apply_filters(NULL, Array)
#14 C:\xampp\htdocs\Chilling Point\wp-includes\plugin.php(517): WP_Hook->do_action(Array)
#15 C:\xampp\htdocs\Chilling Point\wp-includes\script-loader.php(2194): do_action('wp_enqueue_scri...')
#16 C:\xampp\htdocs\Chilling Point\wp-includes\class-wp-hook.php(308): wp_enqueue_scripts('')
#17 C:\xampp\htdocs\Chilling Point\wp-includes\class-wp-hook.php(332): WP_Hook->apply_filters(NULL, Array)
#18 C:\xampp\htdocs\Chilling Point\wp-includes\plugin.php(517): WP_Hook->do_action(Array)
#19 C:\xampp\htdocs\Chilling Point\wp-includes\general-template.php(3049): do_action('wp_head')
#20 C:\xampp\htdocs\Chilling Point\wp-content\themes\hotelmaster\header.php(28): wp_head()
#21 C:\xampp\htdocs\Chilling Point\wp-includes\template.php(783): require_once('C:\\xampp\\htdocs...')
#22 C:\xampp\htdocs\Chilling Point\wp-includes\template.php(718): load_template('C:\\xampp\\htdocs...', true, Array)
#23 C:\xampp\htdocs\Chilling Point\wp-includes\general-template.php(48): locate_template(Array, true, true, Array)
#24 C:\xampp\htdocs\Chilling Point\wp-content\themes\hotelmaster\page.php(1): get_header()
#25 C:\xampp\htdocs\Chilling Point\wp-includes\template-loader.php(106): include('C:\\xampp\\htdocs...')
#26 C:\xampp\htdocs\Chilling Point\wp-blog-header.php(19): require_once('C:\\xampp\\htdocs...')
#27 C:\xampp\htdocs\Chilling Point\index.php(17): require('C:\\xampp\\htdocs...')
#28 {main}
  thrown in C:\xampp\htdocs\Chilling Point\wp-content\themes\hotelmaster\elementor\image-list.php on line 292

2023-04-09T16:12:11+00:00 CRITICAL Uncaught Error: Class "Elementor\Scheme_Color" not found in C:\xampp\htdocs\Chilling Point\wp-content\themes\hotelmaster\elementor\image-list.php:292
Stack trace:
#0 C:\xampp\htdocs\Chilling Point\wp-content\plugins\elementor\includes\base\controls-stack.php(2327): Hotelmaster_Elementor_Widget_Image_List->_register_controls()
#1 C:\xampp\htdocs\Chilling Point\wp-content\plugins\elementor\includes\base\controls-stack.php(496): Elementor\Controls_Stack->init_controls()
#2 C:\xampp\htdocs\Chilling Point\wp-content\plugins\elementor\includes\base\widget-base.php(177): Elementor\Controls_Stack->get_stack()
#3 C:\xampp\htdocs\Chilling Point\wp-content\plugins\elementor\includes\base\controls-stack.php(300): Elementor\Widget_Base->get_stack()
#4 C:\xampp\htdocs\Chilling Point\wp-content\plugins\elementor\core\files\css\global-css.php(120): Elementor\Controls_Stack->get_controls()
#5 C:\xampp\htdocs\Chilling Point\wp-content\plugins\elementor\core\files\css\global-css.php(66): Elementor\Core\Files\CSS\Global_CSS->render_schemes_and_globals_css()
#6 C:\xampp\htdocs\Chilling Point\wp-content\plugins\elementor\core\files\css\base.php(651): Elementor\Core\Files\CSS\Global_CSS->render_css()
#7 C:\xampp\htdocs\Chilling Point\wp-content\plugins\elementor\core\files\base.php(180): Elementor\Core\Files\CSS\Base->parse_content()
#8 C:\xampp\htdocs\Chilling Point\wp-content\plugins\elementor\core\files\css\base.php(130): Elementor\Core\Files\Base->update_file()
#9 C:\xampp\htdocs\Chilling Point\wp-content\plugins\elementor\core\files\css\base.php(217): Elementor\Core\Files\CSS\Base->update()
#10 C:\xampp\htdocs\Chilling Point\wp-content\plugins\elementor\includes\frontend.php(1048): Elementor\Core\Files\CSS\Base->enqueue()
#11 C:\xampp\htdocs\Chilling Point\wp-content\plugins\elementor\includes\frontend.php(670): Elementor\Frontend->parse_global_css_code()
#12 C:\xampp\htdocs\Chilling Point\wp-includes\class-wp-hook.php(308): Elementor\Frontend->enqueue_styles('')
#13 C:\xampp\htdocs\Chilling Point\wp-includes\class-wp-hook.php(332): WP_Hook->apply_filters(NULL, Array)
#14 C:\xampp\htdocs\Chilling Point\wp-includes\plugin.php(517): WP_Hook->do_action(Array)
#15 C:\xampp\htdocs\Chilling Point\wp-includes\script-loader.php(2194): do_action('wp_enqueue_scri...')
#16 C:\xampp\htdocs\Chilling Point\wp-includes\class-wp-hook.php(308): wp_enqueue_scripts('')
#17 C:\xampp\htdocs\Chilling Point\wp-includes\class-wp-hook.php(332): WP_Hook->apply_filters(NULL, Array)
#18 C:\xampp\htdocs\Chilling Point\wp-includes\plugin.php(517): WP_Hook->do_action(Array)
#19 C:\xampp\htdocs\Chilling Point\wp-includes\general-template.php(3049): do_action('wp_head')
#20 C:\xampp\htdocs\Chilling Point\wp-content\themes\hotelmaster\header.php(28): wp_head()
#21 C:\xampp\htdocs\Chilling Point\wp-includes\template.php(783): require_once('C:\\xampp\\htdocs...')
#22 C:\xampp\htdocs\Chilling Point\wp-includes\template.php(718): load_template('C:\\xampp\\htdocs...', true, Array)
#23 C:\xampp\htdocs\Chilling Point\wp-includes\general-template.php(48): locate_template(Array, true, true, Array)
#24 C:\xampp\htdocs\Chilling Point\wp-content\themes\hotelmaster\page.php(1): get_header()
#25 C:\xampp\htdocs\Chilling Point\wp-includes\template-loader.php(106): include('C:\\xampp\\htdocs...')
#26 C:\xampp\htdocs\Chilling Point\wp-blog-header.php(19): require_once('C:\\xampp\\htdocs...')
#27 C:\xampp\htdocs\Chilling Point\index.php(17): require('C:\\xampp\\htdocs...')
#28 {main}
  thrown in C:\xampp\htdocs\Chilling Point\wp-content\themes\hotelmaster\elementor\image-list.php on line 292

2023-04-09T16:14:04+00:00 CRITICAL Uncaught Error: Class "Elementor\Scheme_Color" not found in C:\xampp\htdocs\Chilling Point\wp-content\themes\hotelmaster\elementor\image-list.php:292
Stack trace:
#0 C:\xampp\htdocs\Chilling Point\wp-content\plugins\elementor\includes\base\controls-stack.php(2327): Hotelmaster_Elementor_Widget_Image_List->_register_controls()
#1 C:\xampp\htdocs\Chilling Point\wp-content\plugins\elementor\includes\base\controls-stack.php(496): Elementor\Controls_Stack->init_controls()
#2 C:\xampp\htdocs\Chilling Point\wp-content\plugins\elementor\includes\base\widget-base.php(177): Elementor\Controls_Stack->get_stack()
#3 C:\xampp\htdocs\Chilling Point\wp-content\plugins\elementor\includes\base\controls-stack.php(300): Elementor\Widget_Base->get_stack()
#4 C:\xampp\htdocs\Chilling Point\wp-content\plugins\elementor\core\files\css\global-css.php(120): Elementor\Controls_Stack->get_controls()
#5 C:\xampp\htdocs\Chilling Point\wp-content\plugins\elementor\core\files\css\global-css.php(66): Elementor\Core\Files\CSS\Global_CSS->render_schemes_and_globals_css()
#6 C:\xampp\htdocs\Chilling Point\wp-content\plugins\elementor\core\files\css\base.php(651): Elementor\Core\Files\CSS\Global_CSS->render_css()
#7 C:\xampp\htdocs\Chilling Point\wp-content\plugins\elementor\core\files\base.php(180): Elementor\Core\Files\CSS\Base->parse_content()
#8 C:\xampp\htdocs\Chilling Point\wp-content\plugins\elementor\core\files\css\base.php(130): Elementor\Core\Files\Base->update_file()
#9 C:\xampp\htdocs\Chilling Point\wp-content\plugins\elementor\core\files\css\base.php(217): Elementor\Core\Files\CSS\Base->update()
#10 C:\xampp\htdocs\Chilling Point\wp-content\plugins\elementor\includes\frontend.php(1048): Elementor\Core\Files\CSS\Base->enqueue()
#11 C:\xampp\htdocs\Chilling Point\wp-content\plugins\elementor\includes\frontend.php(670): Elementor\Frontend->parse_global_css_code()
#12 C:\xampp\htdocs\Chilling Point\wp-includes\class-wp-hook.php(308): Elementor\Frontend->enqueue_styles('')
#13 C:\xampp\htdocs\Chilling Point\wp-includes\class-wp-hook.php(332): WP_Hook->apply_filters(NULL, Array)
#14 C:\xampp\htdocs\Chilling Point\wp-includes\plugin.php(517): WP_Hook->do_action(Array)
#15 C:\xampp\htdocs\Chilling Point\wp-includes\script-loader.php(2194): do_action('wp_enqueue_scri...')
#16 C:\xampp\htdocs\Chilling Point\wp-includes\class-wp-hook.php(308): wp_enqueue_scripts('')
#17 C:\xampp\htdocs\Chilling Point\wp-includes\class-wp-hook.php(332): WP_Hook->apply_filters(NULL, Array)
#18 C:\xampp\htdocs\Chilling Point\wp-includes\plugin.php(517): WP_Hook->do_action(Array)
#19 C:\xampp\htdocs\Chilling Point\wp-includes\general-template.php(3049): do_action('wp_head')
#20 C:\xampp\htdocs\Chilling Point\wp-content\themes\hotelmaster\header.php(28): wp_head()
#21 C:\xampp\htdocs\Chilling Point\wp-includes\template.php(783): require_once('C:\\xampp\\htdocs...')
#22 C:\xampp\htdocs\Chilling Point\wp-includes\template.php(718): load_template('C:\\xampp\\htdocs...', true, Array)
#23 C:\xampp\htdocs\Chilling Point\wp-includes\general-template.php(48): locate_template(Array, true, true, Array)
#24 C:\xampp\htdocs\Chilling Point\wp-content\themes\hotelmaster\page.php(1): get_header()
#25 C:\xampp\htdocs\Chilling Point\wp-includes\template-loader.php(106): include('C:\\xampp\\htdocs...')
#26 C:\xampp\htdocs\Chilling Point\wp-blog-header.php(19): require_once('C:\\xampp\\htdocs...')
#27 C:\xampp\htdocs\Chilling Point\index.php(17): require('C:\\xampp\\htdocs...')
#28 {main}
  thrown in C:\xampp\htdocs\Chilling Point\wp-content\themes\hotelmaster\elementor\image-list.php on line 292

2023-04-09T16:14:56+00:00 CRITICAL Uncaught Error: Class "Elementor\Scheme_Color" not found in C:\xampp\htdocs\Chilling Point\wp-content\themes\hotelmaster\elementor\image-list.php:292
Stack trace:
#0 C:\xampp\htdocs\Chilling Point\wp-content\plugins\elementor\includes\base\controls-stack.php(2327): Hotelmaster_Elementor_Widget_Image_List->_register_controls()
#1 C:\xampp\htdocs\Chilling Point\wp-content\plugins\elementor\includes\base\controls-stack.php(496): Elementor\Controls_Stack->init_controls()
#2 C:\xampp\htdocs\Chilling Point\wp-content\plugins\elementor\includes\base\widget-base.php(177): Elementor\Controls_Stack->get_stack()
#3 C:\xampp\htdocs\Chilling Point\wp-content\plugins\elementor\includes\base\controls-stack.php(300): Elementor\Widget_Base->get_stack()
#4 C:\xampp\htdocs\Chilling Point\wp-content\plugins\elementor\core\files\css\global-css.php(120): Elementor\Controls_Stack->get_controls()
#5 C:\xampp\htdocs\Chilling Point\wp-content\plugins\elementor\core\files\css\global-css.php(66): Elementor\Core\Files\CSS\Global_CSS->render_schemes_and_globals_css()
#6 C:\xampp\htdocs\Chilling Point\wp-content\plugins\elementor\core\files\css\base.php(651): Elementor\Core\Files\CSS\Global_CSS->render_css()
#7 C:\xampp\htdocs\Chilling Point\wp-content\plugins\elementor\core\files\base.php(180): Elementor\Core\Files\CSS\Base->parse_content()
#8 C:\xampp\htdocs\Chilling Point\wp-content\plugins\elementor\core\files\css\base.php(130): Elementor\Core\Files\Base->update_file()
#9 C:\xampp\htdocs\Chilling Point\wp-content\plugins\elementor\core\files\css\base.php(217): Elementor\Core\Files\CSS\Base->update()
#10 C:\xampp\htdocs\Chilling Point\wp-content\plugins\elementor\includes\frontend.php(1048): Elementor\Core\Files\CSS\Base->enqueue()
#11 C:\xampp\htdocs\Chilling Point\wp-content\plugins\elementor\includes\frontend.php(670): Elementor\Frontend->parse_global_css_code()
#12 C:\xampp\htdocs\Chilling Point\wp-includes\class-wp-hook.php(308): Elementor\Frontend->enqueue_styles('')
#13 C:\xampp\htdocs\Chilling Point\wp-includes\class-wp-hook.php(332): WP_Hook->apply_filters(NULL, Array)
#14 C:\xampp\htdocs\Chilling Point\wp-includes\plugin.php(517): WP_Hook->do_action(Array)
#15 C:\xampp\htdocs\Chilling Point\wp-includes\script-loader.php(2194): do_action('wp_enqueue_scri...')
#16 C:\xampp\htdocs\Chilling Point\wp-includes\class-wp-hook.php(308): wp_enqueue_scripts('')
#17 C:\xampp\htdocs\Chilling Point\wp-includes\class-wp-hook.php(332): WP_Hook->apply_filters(NULL, Array)
#18 C:\xampp\htdocs\Chilling Point\wp-includes\plugin.php(517): WP_Hook->do_action(Array)
#19 C:\xampp\htdocs\Chilling Point\wp-includes\general-template.php(3049): do_action('wp_head')
#20 C:\xampp\htdocs\Chilling Point\wp-content\themes\hotelmaster\header.php(28): wp_head()
#21 C:\xampp\htdocs\Chilling Point\wp-includes\template.php(783): require_once('C:\\xampp\\htdocs...')
#22 C:\xampp\htdocs\Chilling Point\wp-includes\template.php(718): load_template('C:\\xampp\\htdocs...', true, Array)
#23 C:\xampp\htdocs\Chilling Point\wp-includes\general-template.php(48): locate_template(Array, true, true, Array)
#24 C:\xampp\htdocs\Chilling Point\wp-content\themes\hotelmaster\page.php(1): get_header()
#25 C:\xampp\htdocs\Chilling Point\wp-includes\template-loader.php(106): include('C:\\xampp\\htdocs...')
#26 C:\xampp\htdocs\Chilling Point\wp-blog-header.php(19): require_once('C:\\xampp\\htdocs...')
#27 C:\xampp\htdocs\Chilling Point\index.php(17): require('C:\\xampp\\htdocs...')
#28 {main}
  thrown in C:\xampp\htdocs\Chilling Point\wp-content\themes\hotelmaster\elementor\image-list.php on line 292

2023-04-09T16:15:20+00:00 CRITICAL Uncaught Error: Class "Elementor\Scheme_Color" not found in C:\xampp\htdocs\Chilling Point\wp-content\themes\hotelmaster\elementor\image-list.php:292
Stack trace:
#0 C:\xampp\htdocs\Chilling Point\wp-content\plugins\elementor\includes\base\controls-stack.php(2327): Hotelmaster_Elementor_Widget_Image_List->_register_controls()
#1 C:\xampp\htdocs\Chilling Point\wp-content\plugins\elementor\includes\base\controls-stack.php(496): Elementor\Controls_Stack->init_controls()
#2 C:\xampp\htdocs\Chilling Point\wp-content\plugins\elementor\includes\base\widget-base.php(177): Elementor\Controls_Stack->get_stack()
#3 C:\xampp\htdocs\Chilling Point\wp-content\plugins\elementor\includes\base\controls-stack.php(300): Elementor\Widget_Base->get_stack()
#4 C:\xampp\htdocs\Chilling Point\wp-content\plugins\elementor\core\files\css\global-css.php(120): Elementor\Controls_Stack->get_controls()
#5 C:\xampp\htdocs\Chilling Point\wp-content\plugins\elementor\core\files\css\global-css.php(66): Elementor\Core\Files\CSS\Global_CSS->render_schemes_and_globals_css()
#6 C:\xampp\htdocs\Chilling Point\wp-content\plugins\elementor\core\files\css\base.php(651): Elementor\Core\Files\CSS\Global_CSS->render_css()
#7 C:\xampp\htdocs\Chilling Point\wp-content\plugins\elementor\core\files\base.php(180): Elementor\Core\Files\CSS\Base->parse_content()
#8 C:\xampp\htdocs\Chilling Point\wp-content\plugins\elementor\core\files\css\base.php(130): Elementor\Core\Files\Base->update_file()
#9 C:\xampp\htdocs\Chilling Point\wp-content\plugins\elementor\core\files\css\base.php(217): Elementor\Core\Files\CSS\Base->update()
#10 C:\xampp\htdocs\Chilling Point\wp-content\plugins\elementor\includes\frontend.php(1048): Elementor\Core\Files\CSS\Base->enqueue()
#11 C:\xampp\htdocs\Chilling Point\wp-content\plugins\elementor\includes\frontend.php(670): Elementor\Frontend->parse_global_css_code()
#12 C:\xampp\htdocs\Chilling Point\wp-includes\class-wp-hook.php(308): Elementor\Frontend->enqueue_styles('')
#13 C:\xampp\htdocs\Chilling Point\wp-includes\class-wp-hook.php(332): WP_Hook->apply_filters(NULL, Array)
#14 C:\xampp\htdocs\Chilling Point\wp-includes\plugin.php(517): WP_Hook->do_action(Array)
#15 C:\xampp\htdocs\Chilling Point\wp-includes\script-loader.php(2194): do_action('wp_enqueue_scri...')
#16 C:\xampp\htdocs\Chilling Point\wp-includes\class-wp-hook.php(308): wp_enqueue_scripts('')
#17 C:\xampp\htdocs\Chilling Point\wp-includes\class-wp-hook.php(332): WP_Hook->apply_filters(NULL, Array)
#18 C:\xampp\htdocs\Chilling Point\wp-includes\plugin.php(517): WP_Hook->do_action(Array)
#19 C:\xampp\htdocs\Chilling Point\wp-includes\general-template.php(3049): do_action('wp_head')
#20 C:\xampp\htdocs\Chilling Point\wp-content\themes\hotelmaster\header.php(28): wp_head()
#21 C:\xampp\htdocs\Chilling Point\wp-includes\template.php(783): require_once('C:\\xampp\\htdocs...')
#22 C:\xampp\htdocs\Chilling Point\wp-includes\template.php(718): load_template('C:\\xampp\\htdocs...', true, Array)
#23 C:\xampp\htdocs\Chilling Point\wp-includes\general-template.php(48): locate_template(Array, true, true, Array)
#24 C:\xampp\htdocs\Chilling Point\wp-content\themes\hotelmaster\page.php(1): get_header()
#25 C:\xampp\htdocs\Chilling Point\wp-includes\template-loader.php(106): include('C:\\xampp\\htdocs...')
#26 C:\xampp\htdocs\Chilling Point\wp-blog-header.php(19): require_once('C:\\xampp\\htdocs...')
#27 C:\xampp\htdocs\Chilling Point\index.php(17): require('C:\\xampp\\htdocs...')
#28 {main}
  thrown in C:\xampp\htdocs\Chilling Point\wp-content\themes\hotelmaster\elementor\image-list.php on line 292

