2023-04-08T04:33:05+00:00 DEBUG tt4b_product_sync: missing access token for tt4b_product_sync
2023-04-08T04:33:06+00:00 DEBUG tt4b_product_sync: missing access token for tt4b_product_sync
2023-04-08T04:33:06+00:00 DEBUG tt4b_product_sync: missing access token for tt4b_product_sync
2023-04-08T04:33:06+00:00 DEBUG tt4b_product_sync: missing access token for tt4b_product_sync
2023-04-08T04:33:07+00:00 DEBUG tt4b_product_sync: missing access token for tt4b_product_sync
2023-04-08T04:33:07+00:00 DEBUG tt4b_product_sync: missing access token for tt4b_product_sync
2023-04-08T04:33:09+00:00 DEBUG tt4b_product_sync: missing access token for tt4b_product_sync
2023-04-08T04:33:09+00:00 DEBUG tt4b_product_sync: missing access token for tt4b_product_sync
2023-04-08T04:33:11+00:00 DEBUG tt4b_product_sync: missing access token for tt4b_product_sync
2023-04-08T04:33:11+00:00 DEBUG tt4b_product_sync: missing access token for tt4b_product_sync
2023-04-08T04:33:12+00:00 DEBUG tt4b_product_sync: missing access token for tt4b_product_sync
2023-04-08T04:33:12+00:00 DEBUG tt4b_product_sync: missing access token for tt4b_product_sync
2023-04-08T04:33:23+00:00 DEBUG tt4b_product_sync: missing access token for tt4b_product_sync
2023-04-08T04:33:23+00:00 DEBUG tt4b_product_sync: missing access token for tt4b_product_sync
2023-04-08T04:33:25+00:00 DEBUG tt4b_product_sync: missing access token for tt4b_product_sync
2023-04-08T04:33:25+00:00 DEBUG tt4b_product_sync: missing access token for tt4b_product_sync
2023-04-08T04:33:26+00:00 DEBUG tt4b_product_sync: missing access token for tt4b_product_sync
2023-04-08T04:33:26+00:00 DEBUG tt4b_product_sync: missing access token for tt4b_product_sync
2023-04-08T04:34:16+00:00 DEBUG tt4b_product_sync: missing access token for tt4b_product_sync
2023-04-08T04:34:56+00:00 DEBUG tt4b_product_sync: missing access token for tt4b_product_sync
2023-04-08T04:43:37+00:00 DEBUG tt4b_product_sync: missing access token for tt4b_product_sync
2023-04-08T04:44:04+00:00 DEBUG tt4b_product_sync: missing access token for tt4b_product_sync
2023-04-08T06:23:22+00:00 DEBUG tt4b_product_sync: missing access token for tt4b_product_sync
2023-04-08T06:23:22+00:00 DEBUG tt4b_product_delete: missing access token for tt4b_product_sync
2023-04-08T06:24:43+00:00 DEBUG tt4b_product_sync: missing access token for tt4b_product_sync
2023-04-08T06:24:43+00:00 DEBUG tt4b_product_sync: missing access token for tt4b_product_sync
2023-04-08T06:24:44+00:00 DEBUG tt4b_product_sync: missing access token for tt4b_product_sync
2023-04-08T06:24:44+00:00 DEBUG tt4b_product_sync: missing access token for tt4b_product_sync
2023-04-08T06:24:44+00:00 DEBUG tt4b_product_sync: missing access token for tt4b_product_sync
2023-04-08T06:24:44+00:00 DEBUG tt4b_product_sync: missing access token for tt4b_product_sync
2023-04-08T06:24:44+00:00 DEBUG tt4b_product_sync: missing access token for tt4b_product_sync
2023-04-08T06:24:44+00:00 DEBUG tt4b_product_sync: missing access token for tt4b_product_sync
2023-04-08T06:24:45+00:00 DEBUG tt4b_product_sync: missing access token for tt4b_product_sync
2023-04-08T06:24:45+00:00 DEBUG tt4b_product_sync: missing access token for tt4b_product_sync
2023-04-08T06:24:45+00:00 DEBUG tt4b_product_sync: missing access token for tt4b_product_sync
2023-04-08T06:24:45+00:00 DEBUG tt4b_product_sync: missing access token for tt4b_product_sync
2023-04-08T06:24:45+00:00 DEBUG tt4b_product_sync: missing access token for tt4b_product_sync
2023-04-08T06:24:46+00:00 DEBUG tt4b_product_sync: missing access token for tt4b_product_sync
2023-04-08T06:24:46+00:00 DEBUG tt4b_product_sync: missing access token for tt4b_product_sync
2023-04-08T06:24:46+00:00 DEBUG tt4b_product_sync: missing access token for tt4b_product_sync
2023-04-08T06:24:46+00:00 DEBUG tt4b_product_sync: missing access token for tt4b_product_sync
2023-04-08T06:24:46+00:00 DEBUG tt4b_product_sync: missing access token for tt4b_product_sync
2023-04-08T06:24:46+00:00 DEBUG tt4b_product_sync: missing access token for tt4b_product_sync
2023-04-08T06:24:47+00:00 DEBUG tt4b_product_sync: missing access token for tt4b_product_sync
2023-04-08T06:24:47+00:00 DEBUG tt4b_product_sync: missing access token for tt4b_product_sync
2023-04-08T06:24:47+00:00 DEBUG tt4b_product_sync: missing access token for tt4b_product_sync
2023-04-08T06:24:47+00:00 DEBUG tt4b_product_sync: missing access token for tt4b_product_sync
2023-04-08T06:24:47+00:00 DEBUG tt4b_product_sync: missing access token for tt4b_product_sync
2023-04-08T06:24:47+00:00 DEBUG tt4b_product_sync: missing access token for tt4b_product_sync
2023-04-08T06:24:51+00:00 DEBUG tt4b_product_sync: missing access token for tt4b_product_sync
2023-04-08T06:24:53+00:00 DEBUG tt4b_product_sync: missing access token for tt4b_product_sync
2023-04-08T06:24:54+00:00 DEBUG tt4b_product_sync: missing access token for tt4b_product_sync
2023-04-08T06:24:55+00:00 DEBUG tt4b_product_sync: missing access token for tt4b_product_sync
2023-04-08T06:24:56+00:00 DEBUG tt4b_product_sync: missing access token for tt4b_product_sync
2023-04-08T06:24:57+00:00 DEBUG tt4b_product_sync: missing access token for tt4b_product_sync
2023-04-08T06:24:58+00:00 DEBUG tt4b_product_sync: missing access token for tt4b_product_sync
2023-04-08T06:24:58+00:00 DEBUG tt4b_product_sync: missing access token for tt4b_product_sync
2023-04-08T06:24:59+00:00 DEBUG tt4b_product_sync: missing access token for tt4b_product_sync
2023-04-08T06:25:00+00:00 DEBUG tt4b_product_sync: missing access token for tt4b_product_sync
2023-04-08T06:25:01+00:00 DEBUG tt4b_product_sync: missing access token for tt4b_product_sync
2023-04-08T06:25:03+00:00 DEBUG tt4b_product_sync: missing access token for tt4b_product_sync
2023-04-08T06:25:04+00:00 DEBUG tt4b_product_sync: missing access token for tt4b_product_sync
2023-04-08T06:25:06+00:00 DEBUG tt4b_product_sync: missing access token for tt4b_product_sync
2023-04-08T06:25:11+00:00 DEBUG tt4b_product_sync: missing access token for tt4b_product_sync
2023-04-08T06:25:12+00:00 DEBUG tt4b_product_sync: missing access token for tt4b_product_sync
2023-04-08T06:25:13+00:00 DEBUG tt4b_product_sync: missing access token for tt4b_product_sync
2023-04-08T06:25:14+00:00 DEBUG tt4b_product_sync: missing access token for tt4b_product_sync
2023-04-08T07:43:35+00:00 DEBUG Tt4b_Pixel_Class::inject_add_to_cart_event: hit injectAddToCartEvent
2023-04-08T07:43:35+00:00 DEBUG Tt4b_Pixel_Class::inject_add_to_cart_event: Missing option "access_token"
2023-04-08T07:56:02+00:00 DEBUG Tt4b_Pixel_Class::inject_add_to_cart_event: hit injectAddToCartEvent
2023-04-08T07:56:02+00:00 DEBUG Tt4b_Pixel_Class::inject_add_to_cart_event: Missing option "access_token"
2023-04-08T07:56:02+00:00 DEBUG Tt4b_Pixel_Class::inject_add_to_cart_event: hit injectAddToCartEvent
2023-04-08T07:56:02+00:00 DEBUG Tt4b_Pixel_Class::inject_add_to_cart_event: Missing option "access_token"
2023-04-08T12:08:11+00:00 DEBUG Tt4b_Pixel_Class::inject_add_to_cart_event: hit injectAddToCartEvent
2023-04-08T12:08:11+00:00 DEBUG Tt4b_Pixel_Class::inject_add_to_cart_event: Missing option "access_token"
2023-04-08T12:09:04+00:00 DEBUG Tt4b_Pixel_Class::inject_view_content_event: hit injectViewContentEvent
2023-04-08T12:09:04+00:00 DEBUG Tt4b_Pixel_Class::inject_view_content_event: Missing option "access_token"
2023-04-08T12:25:16+00:00 DEBUG Tt4b_Pixel_Class::inject_add_to_cart_event: hit injectAddToCartEvent
2023-04-08T12:25:16+00:00 DEBUG Tt4b_Pixel_Class::inject_add_to_cart_event: Missing option "access_token"
2023-04-08T12:38:43+00:00 DEBUG Tt4b_Pixel_Class::inject_add_to_cart_event: hit injectAddToCartEvent
2023-04-08T12:38:43+00:00 DEBUG Tt4b_Pixel_Class::inject_add_to_cart_event: Missing option "access_token"
2023-04-08T12:47:12+00:00 DEBUG Tt4b_Pixel_Class::inject_view_content_event: hit injectViewContentEvent
2023-04-08T12:47:12+00:00 DEBUG Tt4b_Pixel_Class::inject_view_content_event: Missing option "access_token"
2023-04-08T12:47:28+00:00 DEBUG Tt4b_Pixel_Class::inject_view_content_event: hit injectViewContentEvent
2023-04-08T12:47:28+00:00 DEBUG Tt4b_Pixel_Class::inject_view_content_event: Missing option "access_token"
2023-04-08T12:59:24+00:00 DEBUG Tt4b_Pixel_Class::inject_add_to_cart_event: hit injectAddToCartEvent
2023-04-08T12:59:24+00:00 DEBUG Tt4b_Pixel_Class::inject_add_to_cart_event: Missing option "access_token"
2023-04-08T13:00:57+00:00 DEBUG Tt4b_Pixel_Class::inject_view_content_event: hit injectViewContentEvent
2023-04-08T13:00:57+00:00 DEBUG Tt4b_Pixel_Class::inject_view_content_event: Missing option "access_token"
2023-04-08T13:01:57+00:00 DEBUG Tt4b_Pixel_Class::inject_view_content_event: hit injectViewContentEvent
2023-04-08T13:01:57+00:00 DEBUG Tt4b_Pixel_Class::inject_view_content_event: Missing option "access_token"
2023-04-08T13:04:30+00:00 DEBUG Tt4b_Pixel_Class::inject_start_checkout: hit injectStartCheckout
2023-04-08T13:04:30+00:00 DEBUG Tt4b_Pixel_Class::inject_start_checkout: Missing option "access_token"
2023-04-08T13:04:44+00:00 DEBUG Tt4b_Pixel_Class::inject_start_checkout: hit injectStartCheckout
2023-04-08T13:04:44+00:00 DEBUG Tt4b_Pixel_Class::inject_start_checkout: Missing option "access_token"
2023-04-08T13:05:36+00:00 DEBUG Tt4b_Pixel_Class::inject_start_checkout: hit injectStartCheckout
2023-04-08T13:05:36+00:00 DEBUG Tt4b_Pixel_Class::inject_start_checkout: Missing option "access_token"
2023-04-08T13:06:30+00:00 DEBUG Tt4b_Pixel_Class::inject_purchase_event: hit injectPurchaseEvent
2023-04-08T13:06:30+00:00 DEBUG Tt4b_Pixel_Class::inject_purchase_event: Missing option "access_token"
2023-04-08T13:14:07+00:00 DEBUG Tt4b_Pixel_Class::inject_view_content_event: hit injectViewContentEvent
2023-04-08T13:14:07+00:00 DEBUG Tt4b_Pixel_Class::inject_view_content_event: Missing option "access_token"
