2023-04-09T09:25:13+00:00 DEBUG Tt4b_Pixel_Class::inject_add_to_cart_event: hit injectAddToCartEvent
2023-04-09T09:25:13+00:00 DEBUG Tt4b_Pixel_Class::inject_add_to_cart_event: Missing option "access_token"
2023-04-09T09:25:25+00:00 DEBUG Tt4b_Pixel_Class::inject_start_checkout: hit injectStartCheckout
2023-04-09T09:25:25+00:00 DEBUG Tt4b_Pixel_Class::inject_start_checkout: Missing option "access_token"
2023-04-09T09:26:10+00:00 DEBUG Tt4b_Pixel_Class::inject_purchase_event: hit injectPurchaseEvent
2023-04-09T09:26:10+00:00 DEBUG Tt4b_Pixel_Class::inject_purchase_event: Missing option "access_token"
2023-04-09T09:26:11+00:00 DEBUG Tt4b_Pixel_Class::inject_purchase_event: hit injectPurchaseEvent
2023-04-09T09:26:11+00:00 DEBUG Tt4b_Pixel_Class::inject_purchase_event: Missing option "access_token"
2023-04-09T09:31:19+00:00 DEBUG Tt4b_Pixel_Class::inject_view_content_event: hit injectViewContentEvent
2023-04-09T09:31:19+00:00 DEBUG Tt4b_Pixel_Class::inject_view_content_event: Missing option "access_token"
2023-04-09T09:49:42+00:00 DEBUG Tt4b_Pixel_Class::inject_add_to_cart_event: hit injectAddToCartEvent
2023-04-09T09:49:42+00:00 DEBUG Tt4b_Pixel_Class::inject_add_to_cart_event: Missing option "access_token"
2023-04-09T09:50:01+00:00 DEBUG Tt4b_Pixel_Class::inject_start_checkout: hit injectStartCheckout
2023-04-09T09:50:01+00:00 DEBUG Tt4b_Pixel_Class::inject_start_checkout: Missing option "access_token"
2023-04-09T11:06:43+00:00 DEBUG tt4b_product_sync: missing access token for tt4b_product_sync
2023-04-09T11:06:43+00:00 DEBUG tt4b_product_delete: missing access token for tt4b_product_sync
2023-04-09T11:06:43+00:00 DEBUG tt4b_product_sync: missing access token for tt4b_product_sync
2023-04-09T11:06:43+00:00 DEBUG tt4b_product_delete: missing access token for tt4b_product_sync
2023-04-09T11:06:44+00:00 DEBUG tt4b_product_sync: missing access token for tt4b_product_sync
2023-04-09T11:06:44+00:00 DEBUG tt4b_product_delete: missing access token for tt4b_product_sync
2023-04-09T11:06:44+00:00 DEBUG tt4b_product_sync: missing access token for tt4b_product_sync
2023-04-09T11:06:44+00:00 DEBUG tt4b_product_delete: missing access token for tt4b_product_sync
2023-04-09T11:06:44+00:00 DEBUG tt4b_product_sync: missing access token for tt4b_product_sync
2023-04-09T11:06:44+00:00 DEBUG tt4b_product_delete: missing access token for tt4b_product_sync
2023-04-09T11:06:44+00:00 DEBUG tt4b_product_sync: missing access token for tt4b_product_sync
2023-04-09T11:06:44+00:00 DEBUG tt4b_product_delete: missing access token for tt4b_product_sync
2023-04-09T11:06:44+00:00 DEBUG tt4b_product_sync: missing access token for tt4b_product_sync
2023-04-09T11:06:44+00:00 DEBUG tt4b_product_delete: missing access token for tt4b_product_sync
2023-04-09T11:06:44+00:00 DEBUG tt4b_product_sync: missing access token for tt4b_product_sync
2023-04-09T11:06:44+00:00 DEBUG tt4b_product_delete: missing access token for tt4b_product_sync
2023-04-09T11:06:44+00:00 DEBUG tt4b_product_sync: missing access token for tt4b_product_sync
2023-04-09T11:06:44+00:00 DEBUG tt4b_product_delete: missing access token for tt4b_product_sync
2023-04-09T11:06:44+00:00 DEBUG tt4b_product_sync: missing access token for tt4b_product_sync
2023-04-09T11:06:44+00:00 DEBUG tt4b_product_delete: missing access token for tt4b_product_sync
2023-04-09T11:06:44+00:00 DEBUG tt4b_product_sync: missing access token for tt4b_product_sync
2023-04-09T11:06:44+00:00 DEBUG tt4b_product_delete: missing access token for tt4b_product_sync
2023-04-09T11:06:45+00:00 DEBUG tt4b_product_sync: missing access token for tt4b_product_sync
2023-04-09T11:06:45+00:00 DEBUG tt4b_product_delete: missing access token for tt4b_product_sync
2023-04-09T11:06:45+00:00 DEBUG tt4b_product_sync: missing access token for tt4b_product_sync
2023-04-09T11:06:45+00:00 DEBUG tt4b_product_delete: missing access token for tt4b_product_sync
2023-04-09T11:06:45+00:00 DEBUG tt4b_product_sync: missing access token for tt4b_product_sync
2023-04-09T11:06:45+00:00 DEBUG tt4b_product_delete: missing access token for tt4b_product_sync
2023-04-09T11:06:45+00:00 DEBUG tt4b_product_sync: missing access token for tt4b_product_sync
2023-04-09T11:06:45+00:00 DEBUG tt4b_product_delete: missing access token for tt4b_product_sync
2023-04-09T11:06:45+00:00 DEBUG tt4b_product_sync: missing access token for tt4b_product_sync
2023-04-09T11:06:45+00:00 DEBUG tt4b_product_delete: missing access token for tt4b_product_sync
2023-04-09T11:06:45+00:00 DEBUG tt4b_product_sync: missing access token for tt4b_product_sync
2023-04-09T11:06:45+00:00 DEBUG tt4b_product_delete: missing access token for tt4b_product_sync
2023-04-09T11:06:45+00:00 DEBUG tt4b_product_sync: missing access token for tt4b_product_sync
2023-04-09T11:06:45+00:00 DEBUG tt4b_product_delete: missing access token for tt4b_product_sync
2023-04-09T11:07:06+00:00 DEBUG tt4b_product_sync: missing access token for tt4b_product_sync
2023-04-09T11:07:14+00:00 DEBUG tt4b_product_sync: missing access token for tt4b_product_sync
2023-04-09T11:07:54+00:00 DEBUG tt4b_product_sync: missing access token for tt4b_product_sync
2023-04-09T11:08:00+00:00 DEBUG Tt4b_Pixel_Class::inject_view_content_event: hit injectViewContentEvent
2023-04-09T11:08:00+00:00 DEBUG Tt4b_Pixel_Class::inject_view_content_event: Missing option "access_token"
2023-04-09T11:08:55+00:00 DEBUG tt4b_product_sync: missing access token for tt4b_product_sync
2023-04-09T11:09:01+00:00 DEBUG Tt4b_Pixel_Class::inject_view_content_event: hit injectViewContentEvent
2023-04-09T11:09:01+00:00 DEBUG Tt4b_Pixel_Class::inject_view_content_event: Missing option "access_token"
2023-04-09T11:09:08+00:00 DEBUG Tt4b_Pixel_Class::inject_add_to_cart_event: hit injectAddToCartEvent
2023-04-09T11:09:08+00:00 DEBUG Tt4b_Pixel_Class::inject_add_to_cart_event: Missing option "access_token"
2023-04-09T11:09:08+00:00 DEBUG Tt4b_Pixel_Class::inject_view_content_event: hit injectViewContentEvent
2023-04-09T11:09:08+00:00 DEBUG Tt4b_Pixel_Class::inject_view_content_event: Missing option "access_token"
2023-04-09T11:09:21+00:00 DEBUG Tt4b_Pixel_Class::inject_start_checkout: hit injectStartCheckout
2023-04-09T11:09:21+00:00 DEBUG Tt4b_Pixel_Class::inject_start_checkout: Missing option "access_token"
2023-04-09T11:09:59+00:00 DEBUG Tt4b_Pixel_Class::inject_purchase_event: hit injectPurchaseEvent
2023-04-09T11:09:59+00:00 DEBUG Tt4b_Pixel_Class::inject_purchase_event: Missing option "access_token"
2023-04-09T11:10:02+00:00 DEBUG Tt4b_Pixel_Class::inject_purchase_event: hit injectPurchaseEvent
2023-04-09T11:10:02+00:00 DEBUG Tt4b_Pixel_Class::inject_purchase_event: Missing option "access_token"
2023-04-09T11:24:45+00:00 DEBUG tt4b_product_sync: missing access token for tt4b_product_sync
2023-04-09T11:26:23+00:00 DEBUG tt4b_product_sync: missing access token for tt4b_product_sync
2023-04-09T11:27:35+00:00 DEBUG tt4b_product_sync: missing access token for tt4b_product_sync
2023-04-09T11:27:47+00:00 DEBUG Tt4b_Pixel_Class::inject_view_content_event: hit injectViewContentEvent
2023-04-09T11:27:47+00:00 DEBUG Tt4b_Pixel_Class::inject_view_content_event: Missing option "access_token"
2023-04-09T11:28:37+00:00 DEBUG tt4b_product_sync: missing access token for tt4b_product_sync
2023-04-09T11:28:53+00:00 DEBUG Tt4b_Pixel_Class::inject_add_to_cart_event: hit injectAddToCartEvent
2023-04-09T11:28:53+00:00 DEBUG Tt4b_Pixel_Class::inject_add_to_cart_event: Missing option "access_token"
2023-04-09T11:29:00+00:00 DEBUG Tt4b_Pixel_Class::inject_add_to_cart_event: hit injectAddToCartEvent
2023-04-09T11:29:00+00:00 DEBUG Tt4b_Pixel_Class::inject_add_to_cart_event: Missing option "access_token"
2023-04-09T13:11:16+00:00 DEBUG Tt4b_Pixel_Class::inject_add_to_cart_event: hit injectAddToCartEvent
2023-04-09T13:11:16+00:00 DEBUG Tt4b_Pixel_Class::inject_add_to_cart_event: Missing option "access_token"
2023-04-09T13:11:25+00:00 DEBUG Tt4b_Pixel_Class::inject_start_checkout: hit injectStartCheckout
2023-04-09T13:11:25+00:00 DEBUG Tt4b_Pixel_Class::inject_start_checkout: Missing option "access_token"
2023-04-09T13:12:48+00:00 DEBUG Tt4b_Pixel_Class::inject_purchase_event: hit injectPurchaseEvent
2023-04-09T13:12:48+00:00 DEBUG Tt4b_Pixel_Class::inject_purchase_event: Missing option "access_token"
2023-04-09T13:12:50+00:00 DEBUG Tt4b_Pixel_Class::inject_purchase_event: hit injectPurchaseEvent
2023-04-09T13:12:50+00:00 DEBUG Tt4b_Pixel_Class::inject_purchase_event: Missing option "access_token"
2023-04-09T14:13:31+00:00 DEBUG tt4b_product_sync: missing access token for tt4b_product_sync
2023-04-09T14:14:12+00:00 DEBUG tt4b_product_sync: missing access token for tt4b_product_sync
2023-04-09T14:15:18+00:00 DEBUG tt4b_product_sync: missing access token for tt4b_product_sync
2023-04-09T14:15:42+00:00 DEBUG Tt4b_Pixel_Class::inject_view_content_event: hit injectViewContentEvent
2023-04-09T14:15:42+00:00 DEBUG Tt4b_Pixel_Class::inject_view_content_event: Missing option "access_token"
2023-04-09T14:15:58+00:00 DEBUG tt4b_product_sync: missing access token for tt4b_product_sync
2023-04-09T14:15:58+00:00 DEBUG tt4b_product_delete: missing access token for tt4b_product_sync
2023-04-09T14:16:25+00:00 DEBUG tt4b_product_sync: missing access token for tt4b_product_sync
2023-04-09T17:35:12+00:00 DEBUG tt4b_product_sync: missing access token for tt4b_product_sync
2023-04-09T17:35:12+00:00 DEBUG tt4b_product_delete: missing access token for tt4b_product_sync
2023-04-09T17:35:12+00:00 DEBUG tt4b_product_sync: missing access token for tt4b_product_sync
2023-04-09T17:35:12+00:00 DEBUG tt4b_product_delete: missing access token for tt4b_product_sync
2023-04-09T17:35:41+00:00 DEBUG tt4b_product_sync: missing access token for tt4b_product_sync
2023-04-09T17:36:03+00:00 DEBUG tt4b_product_sync: missing access token for tt4b_product_sync
2023-04-09T17:38:20+00:00 DEBUG tt4b_product_sync: missing access token for tt4b_product_sync
2023-04-09T17:39:10+00:00 DEBUG tt4b_product_sync: missing access token for tt4b_product_sync
2023-04-09T17:39:29+00:00 DEBUG tt4b_product_sync: missing access token for tt4b_product_sync
2023-04-09T17:41:06+00:00 DEBUG tt4b_product_sync: missing access token for tt4b_product_sync
2023-04-09T17:41:23+00:00 DEBUG tt4b_product_sync: missing access token for tt4b_product_sync
2023-04-09T17:42:05+00:00 DEBUG tt4b_product_sync: missing access token for tt4b_product_sync
2023-04-09T17:42:23+00:00 DEBUG Tt4b_Pixel_Class::inject_view_content_event: hit injectViewContentEvent
2023-04-09T17:42:24+00:00 DEBUG Tt4b_Pixel_Class::inject_view_content_event: Missing option "access_token"
2023-04-09T17:43:01+00:00 DEBUG Tt4b_Pixel_Class::inject_view_content_event: hit injectViewContentEvent
2023-04-09T17:43:01+00:00 DEBUG Tt4b_Pixel_Class::inject_view_content_event: Missing option "access_token"
2023-04-09T17:43:38+00:00 DEBUG tt4b_product_sync: missing access token for tt4b_product_sync
2023-04-09T17:47:32+00:00 DEBUG tt4b_product_sync: missing access token for tt4b_product_sync
2023-04-09T17:48:04+00:00 DEBUG tt4b_product_sync: missing access token for tt4b_product_sync
2023-04-09T17:48:20+00:00 DEBUG tt4b_product_sync: missing access token for tt4b_product_sync
2023-04-09T17:49:38+00:00 DEBUG tt4b_product_sync: missing access token for tt4b_product_sync
2023-04-09T17:50:07+00:00 DEBUG tt4b_product_sync: missing access token for tt4b_product_sync
2023-04-09T17:50:35+00:00 DEBUG tt4b_product_sync: missing access token for tt4b_product_sync
2023-04-09T17:51:54+00:00 DEBUG tt4b_product_sync: missing access token for tt4b_product_sync
2023-04-09T17:52:45+00:00 DEBUG tt4b_product_sync: missing access token for tt4b_product_sync
2023-04-09T17:53:16+00:00 DEBUG tt4b_product_sync: missing access token for tt4b_product_sync
2023-04-09T17:53:44+00:00 DEBUG tt4b_product_sync: missing access token for tt4b_product_sync
2023-04-09T17:54:17+00:00 DEBUG tt4b_product_sync: missing access token for tt4b_product_sync
2023-04-09T17:54:39+00:00 DEBUG tt4b_product_sync: missing access token for tt4b_product_sync
2023-04-09T17:55:11+00:00 DEBUG tt4b_product_sync: missing access token for tt4b_product_sync
2023-04-09T17:55:31+00:00 DEBUG Tt4b_Pixel_Class::inject_view_content_event: hit injectViewContentEvent
2023-04-09T17:55:31+00:00 DEBUG Tt4b_Pixel_Class::inject_view_content_event: Missing option "access_token"
2023-04-09T17:56:21+00:00 DEBUG tt4b_product_sync: missing access token for tt4b_product_sync
2023-04-09T17:56:30+00:00 DEBUG Tt4b_Pixel_Class::inject_view_content_event: hit injectViewContentEvent
2023-04-09T17:56:30+00:00 DEBUG Tt4b_Pixel_Class::inject_view_content_event: Missing option "access_token"
2023-04-09T18:09:42+00:00 DEBUG Tt4b_Pixel_Class::inject_view_content_event: hit injectViewContentEvent
2023-04-09T18:09:42+00:00 DEBUG Tt4b_Pixel_Class::inject_view_content_event: Missing option "access_token"
2023-04-09T18:10:16+00:00 DEBUG Tt4b_Pixel_Class::inject_view_content_event: hit injectViewContentEvent
2023-04-09T18:10:16+00:00 DEBUG Tt4b_Pixel_Class::inject_view_content_event: Missing option "access_token"
